#
# A fatal error has been detected by the Java Runtime Environment:
#
#  SIGSEGV (0xb) at pc=0x00007fff88e3e0dd, pid=9108, tid=1811
#
# JRE version: Java(TM) SE Runtime Environment (8.0_20-b26) (build 1.8.0_20-b26)
# Java VM: Java HotSpot(TM) 64-Bit Server VM (25.20-b23 mixed mode bsd-amd64 compressed oops)
# Problematic frame:
# C  [libobjc.A.dylib+0x10dd]  objc_msgSend+0x1d
#
# Failed to write core dump. Core dumps have been disabled. To enable core dumping, try "ulimit -c unlimited" before starting Java again
#
# If you would like to submit a bug report, please visit:
#   http://bugreport.sun.com/bugreport/crash.jsp
# The crash happened outside the Java Virtual Machine in native code.
# See problematic frame for where to report the bug.
#

---------------  T H R E A D  ---------------

Current thread (0x00007fa3b39a3000):  JavaThread "JavaFX Application Thread" [_thread_in_native, id=1811, stack(0x00007fff5ee51000,0x00007fff5f651000)]

siginfo: si_signo: 11 (SIGSEGV), si_code: 1 (SEGV_MAPERR), si_addr: 0x0000000000000018

Registers:
RAX=0x00000001017e2900, RBX=0x00007fa3b39a31e8, RCX=0x00007fa3b5602b40, RDX=0x0000000000000004
RSP=0x00007fff5f643968, RBP=0x00007fff5f643db0, RSI=0x00000001198f6142, RDI=0x00007fa3b520fc40
R8 =0x00007fa3b2c3bf30, R9 =0x0000000000000000, R10=0x00000001198f6142, R11=0x0000000000000000
R12=0x0000000000000408, R13=0x0000000000000002, R14=0x0000000000000001, R15=0x0000000101302414
RIP=0x00007fff88e3e0dd, EFLAGS=0x0000000000010246, ERR=0x0000000000000004
  TRAPNO=0x000000000000000e

Top of Stack: (sp=0x00007fff5f643968)
0x00007fff5f643968:   00000001198dee0e 000000005f6439b0
0x00007fff5f643978:   0000000000000009 00007fff79aae0d0
0x00007fff5f643988:   0000000042000000 00007fa3b5370828
0x00007fff5f643998:   00007fa3b39a31e8 00007fa3b5602b40
0x00007fff5f6439a8:   0000000000000000 00007fa3b2e4db30
0x00007fff5f6439b8:   00007fff5f6439b0 0000003002000000
0x00007fff5f6439c8:   0000000000000003 00007fff5f643a08
0x00007fff5f6439d8:   00007fa3b2e4db48 0000000000000000
0x00007fff5f6439e8:   0000000000000000 0000000000000000
0x00007fff5f6439f8:   0000000000000000 0000000000000000
0x00007fff5f643a08:   00007fa3b2e4da40 0000000000000000
0x00007fff5f643a18:   00007fff5f643a10 0000003002000000
0x00007fff5f643a28:   00007fff8ea77fc0 00007fff8ea77fe0
0x00007fff5f643a38:   0000000000000000 000000f800000000
0x00007fff5f643a48:   000000000000001d 4089961800000000
0x00007fff5f643a58:   406f476000000000 0000000000000000
0x00007fff5f643a68:   0000000000000000 000022091ebb8623
0x00007fff5f643a78:   0000000000000100 0000000000000000
0x00007fff5f643a88:   0000000000000000 0000000400000000
0x00007fff5f643a98:   0000000000000000 0000000000000001
0x00007fff5f643aa8:   00000001000002b1 0000000000002394
0x00007fff5f643ab8:   000242ef001b11b1 0000000000000000
0x00007fff5f643ac8:   0000000000000000 0000000000000000
0x00007fff5f643ad8:   0000000000000000 0000000000000000
0x00007fff5f643ae8:   0000000000000000 0000000000000000
0x00007fff5f643af8:   0000000000000000 0000000000000000
0x00007fff5f643b08:   0000000000000000 00007fa3b2e4d630
0x00007fff5f643b18:   0000000000000000 00007fa3b2e4d5d0
0x00007fff5f643b28:   0000000000000000 0000000000000000
0x00007fff5f643b38:   406f476000000000 890043a266967920
0x00007fff5f643b48:   0000000000000000 00007fa3b2e4d970
0x00007fff5f643b58:   0000000000000008 0000000000000000 

Instructions: (pc=0x00007fff88e3e0dd)
0x00007fff88e3e0bd:   00 00 00 48 85 ff 2e 74 7a 40 f6 c7 01 2e 75 7e
0x00007fff88e3e0cd:   49 bb f8 ff ff ff ff 7f 00 00 4c 23 1f 49 89 f2
0x00007fff88e3e0dd:   45 23 53 18 49 c1 e2 04 4d 03 53 10 49 3b 32 75
0x00007fff88e3e0ed:   04 41 ff 62 08 49 83 3a 00 74 6a 4d 3b 53 10 74 

Register to memory mapping:

RAX=0x00000001017e2900: _ZL13jfr_interface+0x60 in /Library/Java/JavaVirtualMachines/jdk1.8.0_20.jdk/Contents/Home/jre/lib/server/libjvm.dylib at 0x0000000101000000
RBX=0x00007fa3b39a31e8 is an unknown value
RCX=0x00007fa3b5602b40 is an unknown value
RDX=0x0000000000000004 is an unknown value
RSP=0x00007fff5f643968 is pointing into the stack for thread: 0x00007fa3b39a3000
RBP=0x00007fff5f643db0 is pointing into the stack for thread: 0x00007fa3b39a3000
RSI=0x00000001198f6142: __FUNCTION__.95073+0x962 in /Library/Java/JavaVirtualMachines/jdk1.8.0_20.jdk/Contents/Home/jre/lib/libglass.dylib at 0x00000001198c6000
RDI=0x00007fa3b520fc40 is an unknown value
R8 =0x00007fa3b2c3bf30 is an unknown value
R9 =0x0000000000000000 is an unknown value
R10=0x00000001198f6142: __FUNCTION__.95073+0x962 in /Library/Java/JavaVirtualMachines/jdk1.8.0_20.jdk/Contents/Home/jre/lib/libglass.dylib at 0x00000001198c6000
R11=0x0000000000000000 is an unknown value
R12=0x0000000000000408 is an unknown value
R13=0x0000000000000002 is an unknown value
R14=0x0000000000000001 is an unknown value
R15=0x0000000101302414: jni_CallStaticVoidMethod+0 in /Library/Java/JavaVirtualMachines/jdk1.8.0_20.jdk/Contents/Home/jre/lib/server/libjvm.dylib at 0x0000000101000000


Stack: [0x00007fff5ee51000,0x00007fff5f651000],  sp=0x00007fff5f643968,  free space=8138k
Native frames: (J=compiled Java code, j=interpreted, Vv=VM code, C=native code)
C  [libobjc.A.dylib+0x10dd]  objc_msgSend+0x1d
C  [libglass.dylib+0x184be]  listenTouchEvents+0x5e
C  [CoreGraphics+0x1270b2]  processEventTapData+0x26b
C  [CoreGraphics+0x126d24]  _CGYPostEventTapData+0xc1
C  [CoreGraphics+0x12edb1]  _XPostEventTapData+0x59
C  [CoreGraphics+0x12ee9a]  CGYEventTap_server+0x56
C  [CoreGraphics+0x126e0c]  eventTapMessageHandler+0x2e
C  [CoreFoundation+0x80d87]  __CFMachPortPerform+0xf7
C  [CoreFoundation+0x80c79]  __CFRUNLOOP_IS_CALLING_OUT_TO_A_SOURCE1_PERFORM_FUNCTION__+0x29
C  [CoreFoundation+0x80beb]  __CFRunLoopDoSource1+0x1db
C  [CoreFoundation+0x72767]  __CFRunLoopRun+0x947
C  [CoreFoundation+0x71bd8]  CFRunLoopRunSpecific+0x128
C  [HIToolbox+0x3256f]  RunCurrentEventLoopInMode+0xeb
C  [HIToolbox+0x321ee]  ReceiveNextEventCommon+0xb3
C  [HIToolbox+0x3212b]  _BlockUntilNextEventMatchingListInModeWithFilter+0x47
C  [AppKit+0x918ab]  _DPSNextEvent+0x3d2
C  [AppKit+0x90e58]  -[NSApplication nextEventMatchingMask:untilDate:inMode:dequeue:]+0x15a
C  [AppKit+0x86af3]  -[NSApplication run]+0x252
C  [libglass.dylib+0x6757]  -[GlassApplication runLoop:]+0x6f7
C  [Foundation+0x92dd0]  __NSThreadPerformPerform+0x125
C  [CoreFoundation+0x80a01]  __CFRUNLOOP_IS_CALLING_OUT_TO_A_SOURCE0_PERFORM_FUNCTION__+0x11
C  [CoreFoundation+0x72b8d]  __CFRunLoopDoSources0+0x10d
C  [CoreFoundation+0x721bf]  __CFRunLoopRun+0x39f
C  [CoreFoundation+0x71bd8]  CFRunLoopRunSpecific+0x128
C  [java+0x56cc]  CreateExecutionEnvironment+0x367
C  [java+0x165c]  JLI_Launch+0x7a0
C  [java+0x768a]  main+0x65
C  [java+0xeb4]  start+0x34
C  0x0000000000000005


---------------  P R O C E S S  ---------------

Java Threads: ( => current thread )
  0x00007fa3b32c4800 JavaThread "Prism Font Disposer" daemon [_thread_blocked, id=49695, stack(0x000000011dd41000,0x000000011de41000)]
  0x00007fa3b3213800 JavaThread "JavaFX-Launcher" [_thread_blocked, id=48131, stack(0x000000011cfea000,0x000000011d0ea000)]
  0x00007fa3b322b800 JavaThread "Thread-3" daemon [_thread_in_native, id=35335, stack(0x000000011bd90000,0x000000011be10000)]
=>0x00007fa3b39a3000 JavaThread "JavaFX Application Thread" [_thread_in_native, id=1811, stack(0x00007fff5ee51000,0x00007fff5f651000)]
  0x00007fa3b319c800 JavaThread "Thread-1" daemon [_thread_blocked, id=24343, stack(0x0000000119927000,0x0000000119a27000)]
  0x00007fa3b30d5000 JavaThread "QuantumRenderer-0" daemon [_thread_blocked, id=19203, stack(0x0000000118cb9000,0x0000000118db9000)]
  0x00007fa3b3060800 JavaThread "Service Thread" daemon [_thread_blocked, id=18179, stack(0x0000000118a27000,0x0000000118b27000)]
  0x00007fa3b3055000 JavaThread "C1 CompilerThread2" daemon [_thread_blocked, id=17667, stack(0x0000000118924000,0x0000000118a24000)]
  0x00007fa3b381f800 JavaThread "C2 CompilerThread1" daemon [_thread_blocked, id=17155, stack(0x0000000118821000,0x0000000118921000)]
  0x00007fa3b381d800 JavaThread "C2 CompilerThread0" daemon [_thread_in_native, id=16643, stack(0x000000011871e000,0x000000011881e000)]
  0x00007fa3b3015000 JavaThread "Signal Dispatcher" daemon [_thread_blocked, id=13335, stack(0x000000011861b000,0x000000011871b000)]
  0x00007fa3b3813800 JavaThread "Finalizer" daemon [_thread_blocked, id=11523, stack(0x0000000116c0c000,0x0000000116d0c000)]
  0x00007fa3b3812800 JavaThread "Reference Handler" daemon [_thread_blocked, id=11011, stack(0x0000000116b09000,0x0000000116c09000)]
  0x00007fa3b300a000 JavaThread "main" [_thread_blocked, id=4867, stack(0x00000001006c5000,0x00000001007c5000)]

Other Threads:
  0x00007fa3b380e000 VMThread [stack: 0x0000000116a06000,0x0000000116b06000] [id=10499]
  0x00007fa3b3063000 WatcherThread [stack: 0x0000000118b2a000,0x0000000118c2a000] [id=18691]

VM state:not at safepoint (normal execution)

VM Mutex/Monitor currently owned by a thread:  ([mutex/lock_event])
[0x00007fa3b2d0ab00] CodeCache_lock - owner thread: 0x00007fa3b381d800
[0x00007fa3b2d0c180] Compile_lock - owner thread: 0x00007fa3b381d800
[0x00007fa3b2d0c280] MethodCompileQueue_lock - owner thread: 0x00007fa3b381d800

Heap:
 PSYoungGen      total 28672K, used 17580K [0x00000007a0000000, 0x00000007a2000000, 0x00000007c0000000)
  eden space 24576K, 58% used [0x00000007a0000000,0x00000007a0e23338,0x00000007a1800000)
  from space 4096K, 75% used [0x00000007a1800000,0x00000007a1b08040,0x00000007a1c00000)
  to   space 4096K, 0% used [0x00000007a1c00000,0x00000007a1c00000,0x00000007a2000000)
 ParOldGen       total 65536K, used 3683K [0x0000000760000000, 0x0000000764000000, 0x00000007a0000000)
  object space 65536K, 5% used [0x0000000760000000,0x0000000760398f20,0x0000000764000000)
 Metaspace       used 14355K, capacity 14838K, committed 14976K, reserved 1062912K
  class space    used 2033K, capacity 2153K, committed 2176K, reserved 1048576K

Card table byte_map: [0x000000011130f000,0x0000000111610000] byte_map_base: 0x000000010d80f000

Marking Bits: (ParMarkBitMap*) 0x000000010189c330
 Begin Bits: [0x0000000111c1c000, 0x000000011341c000)
 End Bits:   [0x000000011341c000, 0x0000000114c1c000)

Polling page: 0x00000001007d5000

CodeCache: size=245760Kb used=4104Kb max_used=4104Kb free=241655Kb
 bounds [0x0000000101f4f000, 0x000000010235f000, 0x0000000110f4f000]
 total_blobs=1819 nmethods=1194 adapters=536
 compilation: enabled

Compilation events (10 events):
Event: 2.539 Thread 0x00007fa3b3055000 1190       3       javafx.beans.property.DoublePropertyBase::get (29 bytes)
Event: 2.539 Thread 0x00007fa3b3055000 nmethod 1190 0x000000010233cc50 code [0x000000010233cdc0, 0x000000010233d048]
Event: 2.539 Thread 0x00007fa3b3055000 1191       1       com.sun.prism.impl.ps.BaseShaderContext$State::access$1200 (5 bytes)
Event: 2.539 Thread 0x00007fa3b3055000 nmethod 1191 0x000000010233d110 code [0x000000010233d260, 0x000000010233d350]
Event: 2.539 Thread 0x00007fa3b3055000 1194       1       com.sun.prism.impl.BaseContext::getVertexBuffer (5 bytes)
Event: 2.540 Thread 0x00007fa3b3055000 nmethod 1194 0x000000010233d3d0 code [0x000000010233d520, 0x000000010233d630]
Event: 2.540 Thread 0x00007fa3b3055000 1195       1       com.sun.prism.paint.Paint$Type::isGradient (5 bytes)
Event: 2.540 Thread 0x00007fa3b3055000 nmethod 1195 0x000000010233d690 code [0x000000010233d7e0, 0x000000010233d8f0]
Event: 2.540 Thread 0x00007fa3b3055000 1189       1       javafx.scene.CssStyleHelper$CacheContainer::access$300 (5 bytes)
Event: 2.540 Thread 0x00007fa3b3055000 nmethod 1189 0x000000010233d950 code [0x000000010233daa0, 0x000000010233db90]

GC Heap History (2 events):
Event: 0.822 GC heap before
{Heap before GC invocations=1 (full 0):
 PSYoungGen      total 28672K, used 24576K [0x00000007a0000000, 0x00000007a2000000, 0x00000007c0000000)
  eden space 24576K, 100% used [0x00000007a0000000,0x00000007a1800000,0x00000007a1800000)
  from space 4096K, 0% used [0x00000007a1c00000,0x00000007a1c00000,0x00000007a2000000)
  to   space 4096K, 0% used [0x00000007a1800000,0x00000007a1800000,0x00000007a1c00000)
 ParOldGen       total 65536K, used 0K [0x0000000760000000, 0x0000000764000000, 0x00000007a0000000)
  object space 65536K, 0% used [0x0000000760000000,0x0000000760000000,0x0000000764000000)
 Metaspace       used 11157K, capacity 11554K, committed 11904K, reserved 1058816K
  class space    used 1512K, capacity 1611K, committed 1664K, reserved 1048576K
Event: 0.827 GC heap after
Heap after GC invocations=1 (full 0):
 PSYoungGen      total 28672K, used 3104K [0x00000007a0000000, 0x00000007a2000000, 0x00000007c0000000)
  eden space 24576K, 0% used [0x00000007a0000000,0x00000007a0000000,0x00000007a1800000)
  from space 4096K, 75% used [0x00000007a1800000,0x00000007a1b08040,0x00000007a1c00000)
  to   space 4096K, 0% used [0x00000007a1c00000,0x00000007a1c00000,0x00000007a2000000)
 ParOldGen       total 65536K, used 3683K [0x0000000760000000, 0x0000000764000000, 0x00000007a0000000)
  object space 65536K, 5% used [0x0000000760000000,0x0000000760398f20,0x0000000764000000)
 Metaspace       used 11157K, capacity 11554K, committed 11904K, reserved 1058816K
  class space    used 1512K, capacity 1611K, committed 1664K, reserved 1048576K
}

Deoptimization events (10 events):
Event: 0.913 Thread 0x00007fa3b39a3000 Uncommon trap: reason=class_check action=maybe_recompile pc=0x00000001021a5490 method=java.io.DataInputStream.readShort()S @ 4
Event: 0.914 Thread 0x00007fa3b39a3000 Uncommon trap: reason=class_check action=maybe_recompile pc=0x00000001021a5490 method=java.io.DataInputStream.readShort()S @ 4
Event: 0.914 Thread 0x00007fa3b39a3000 Uncommon trap: reason=class_check action=maybe_recompile pc=0x00000001021a5490 method=java.io.DataInputStream.readShort()S @ 4
Event: 0.914 Thread 0x00007fa3b39a3000 Uncommon trap: reason=class_check action=maybe_recompile pc=0x00000001021a5490 method=java.io.DataInputStream.readShort()S @ 4
Event: 0.922 Thread 0x00007fa3b39a3000 Uncommon trap: reason=class_check action=maybe_recompile pc=0x0000000102072f1c method=java.lang.String.equals(Ljava/lang/Object;)Z @ 8
Event: 0.922 Thread 0x00007fa3b39a3000 Uncommon trap: reason=class_check action=maybe_recompile pc=0x0000000102072f1c method=java.lang.String.equals(Ljava/lang/Object;)Z @ 8
Event: 0.922 Thread 0x00007fa3b39a3000 Uncommon trap: reason=class_check action=maybe_recompile pc=0x0000000102072f1c method=java.lang.String.equals(Ljava/lang/Object;)Z @ 8
Event: 0.926 Thread 0x00007fa3b39a3000 Uncommon trap: reason=class_check action=maybe_recompile pc=0x0000000102072f1c method=java.lang.String.equals(Ljava/lang/Object;)Z @ 8
Event: 1.124 Thread 0x00007fa3b39a3000 Uncommon trap: reason=unloaded action=reinterpret pc=0x000000010219f118 method=java.lang.CharacterData.of(I)Ljava/lang/CharacterData; @ 96
Event: 1.167 Thread 0x00007fa3b39a3000 Uncommon trap: reason=unreached action=reinterpret pc=0x000000010226cb7c method=java.util.HashMap.putVal(ILjava/lang/Object;Ljava/lang/Object;ZZ)Ljava/lang/Object; @ 193

Internal exceptions (10 events):
Event: 2.468 Thread 0x00007fa3b39a3000 Exception <a 'java/security/PrivilegedActionException'> (0x00000007a0ccc500) thrown at [/HUDSON3/workspace/8-2-build-macosx-x86_64/jdk8u20/1074/hotspot/src/share/vm/prims/jvm.cpp, line 1275]
Event: 2.468 Thread 0x00007fa3b39a3000 Exception <a 'java/security/PrivilegedActionException'> (0x00000007a0ccdb08) thrown at [/HUDSON3/workspace/8-2-build-macosx-x86_64/jdk8u20/1074/hotspot/src/share/vm/prims/jvm.cpp, line 1275]
Event: 2.471 Thread 0x00007fa3b39a3000 Exception <a 'java/security/PrivilegedActionException'> (0x00000007a0cf1d98) thrown at [/HUDSON3/workspace/8-2-build-macosx-x86_64/jdk8u20/1074/hotspot/src/share/vm/prims/jvm.cpp, line 1275]
Event: 2.471 Thread 0x00007fa3b39a3000 Exception <a 'java/security/PrivilegedActionException'> (0x00000007a0cf3320) thrown at [/HUDSON3/workspace/8-2-build-macosx-x86_64/jdk8u20/1074/hotspot/src/share/vm/prims/jvm.cpp, line 1275]
Event: 2.472 Thread 0x00007fa3b39a3000 Exception <a 'java/security/PrivilegedActionException'> (0x00000007a0d114e0) thrown at [/HUDSON3/workspace/8-2-build-macosx-x86_64/jdk8u20/1074/hotspot/src/share/vm/prims/jvm.cpp, line 1275]
Event: 2.472 Thread 0x00007fa3b39a3000 Exception <a 'java/security/PrivilegedActionException'> (0x00000007a0d12ac0) thrown at [/HUDSON3/workspace/8-2-build-macosx-x86_64/jdk8u20/1074/hotspot/src/share/vm/prims/jvm.cpp, line 1275]
Event: 2.474 Thread 0x00007fa3b39a3000 Exception <a 'java/security/PrivilegedActionException'> (0x00000007a0d33970) thrown at [/HUDSON3/workspace/8-2-build-macosx-x86_64/jdk8u20/1074/hotspot/src/share/vm/prims/jvm.cpp, line 1275]
Event: 2.474 Thread 0x00007fa3b39a3000 Exception <a 'java/security/PrivilegedActionException'> (0x00000007a0d34ef8) thrown at [/HUDSON3/workspace/8-2-build-macosx-x86_64/jdk8u20/1074/hotspot/src/share/vm/prims/jvm.cpp, line 1275]
Event: 2.475 Thread 0x00007fa3b39a3000 Exception <a 'java/security/PrivilegedActionException'> (0x00000007a0d530d8) thrown at [/HUDSON3/workspace/8-2-build-macosx-x86_64/jdk8u20/1074/hotspot/src/share/vm/prims/jvm.cpp, line 1275]
Event: 2.475 Thread 0x00007fa3b39a3000 Exception <a 'java/security/PrivilegedActionException'> (0x00000007a0d546d8) thrown at [/HUDSON3/workspace/8-2-build-macosx-x86_64/jdk8u20/1074/hotspot/src/share/vm/prims/jvm.cpp, line 1275]

Events (10 events):
Event: 2.530 loading class com/sun/scenario/animation/AnimationPulse$PulseData
Event: 2.530 loading class com/sun/scenario/animation/AnimationPulse$PulseData done
Event: 2.530 loading class com/sun/scenario/animation/AnimationPulse$PulseData$Accessor
Event: 2.530 loading class com/sun/scenario/animation/AnimationPulse$PulseData$Accessor done
Event: 2.530 loading class com/sun/scenario/animation/AnimationPulse$PulseData
Event: 2.530 loading class com/sun/scenario/animation/AnimationPulse$PulseData done
Event: 2.530 loading class com/sun/scenario/animation/AnimationPulse$PulseData$Accessor
Event: 2.530 loading class com/sun/scenario/animation/AnimationPulse$PulseData$Accessor done
Event: 2.531 loading class javafx/animation/Animation$1
Event: 2.531 loading class javafx/animation/Animation$1 done


Dynamic libraries:
0x00000000078cf000 	/System/Library/Frameworks/Cocoa.framework/Versions/A/Cocoa
0x00000000078cf000 	/System/Library/Frameworks/Security.framework/Versions/A/Security
0x00000000078cf000 	/System/Library/Frameworks/ApplicationServices.framework/Versions/A/ApplicationServices
0x00000000078cf000 	/usr/lib/libz.1.dylib
0x00000000078cf000 	/usr/lib/libSystem.B.dylib
0x00000000078cf000 	/usr/lib/libobjc.A.dylib
0x00000000078cf000 	/System/Library/Frameworks/CoreFoundation.framework/Versions/A/CoreFoundation
0x00000000078cf000 	/System/Library/Frameworks/Foundation.framework/Versions/C/Foundation
0x00000000078cf000 	/System/Library/Frameworks/AppKit.framework/Versions/C/AppKit
0x00000000078cf000 	/System/Library/Frameworks/CoreData.framework/Versions/A/CoreData
0x00000000078cf000 	/System/Library/PrivateFrameworks/RemoteViewServices.framework/Versions/A/RemoteViewServices
0x00000000078cf000 	/System/Library/PrivateFrameworks/UIFoundation.framework/Versions/A/UIFoundation
0x00000000078cf000 	/System/Library/Frameworks/IOSurface.framework/Versions/A/IOSurface
0x00000000078cf000 	/System/Library/Frameworks/AudioToolbox.framework/Versions/A/AudioToolbox
0x00000000078cf000 	/System/Library/Frameworks/AudioUnit.framework/Versions/A/AudioUnit
0x00000000078cf000 	/System/Library/PrivateFrameworks/DataDetectorsCore.framework/Versions/A/DataDetectorsCore
0x00000000078cf000 	/System/Library/PrivateFrameworks/DesktopServicesPriv.framework/Versions/A/DesktopServicesPriv
0x00000000078cf000 	/System/Library/Frameworks/Carbon.framework/Versions/A/Frameworks/HIToolbox.framework/Versions/A/HIToolbox
0x00000000078cf000 	/System/Library/Frameworks/QuartzCore.framework/Versions/A/QuartzCore
0x00000000078cf000 	/System/Library/Frameworks/Carbon.framework/Versions/A/Frameworks/SpeechRecognition.framework/Versions/A/SpeechRecognition
0x00000000078cf000 	/usr/lib/libauto.dylib
0x00000000078cf000 	/usr/lib/libicucore.A.dylib
0x00000000078cf000 	/usr/lib/libxml2.2.dylib
0x00000000078cf000 	/System/Library/PrivateFrameworks/CoreUI.framework/Versions/A/CoreUI
0x00000000078cf000 	/System/Library/Frameworks/CoreAudio.framework/Versions/A/CoreAudio
0x00000000078cf000 	/System/Library/Frameworks/DiskArbitration.framework/Versions/A/DiskArbitration
0x00000000078cf000 	/usr/lib/liblangid.dylib
0x00000000078cf000 	/System/Library/PrivateFrameworks/MultitouchSupport.framework/Versions/A/MultitouchSupport
0x00000000078cf000 	/System/Library/Frameworks/IOKit.framework/Versions/A/IOKit
0x00000000078cf000 	/usr/lib/libDiagnosticMessagesClient.dylib
0x00000000078cf000 	/System/Library/Frameworks/CoreServices.framework/Versions/A/CoreServices
0x00000000078cf000 	/System/Library/PrivateFrameworks/PerformanceAnalysis.framework/Versions/A/PerformanceAnalysis
0x00000000078cf000 	/System/Library/PrivateFrameworks/GenerationalStorage.framework/Versions/A/GenerationalStorage
0x00000000078cf000 	/System/Library/Frameworks/OpenGL.framework/Versions/A/OpenGL
0x00000000078cf000 	/System/Library/PrivateFrameworks/Sharing.framework/Versions/A/Sharing
0x00000000078cf000 	/System/Library/Frameworks/CoreGraphics.framework/Versions/A/CoreGraphics
0x00000000078cf000 	/System/Library/Frameworks/CoreText.framework/Versions/A/CoreText
0x00000000078cf000 	/System/Library/Frameworks/ImageIO.framework/Versions/A/ImageIO
0x00000000078cf000 	/usr/lib/libextension.dylib
0x00000000078cf000 	/System/Library/PrivateFrameworks/Backup.framework/Versions/A/Backup
0x00000000078cf000 	/usr/lib/libarchive.2.dylib
0x00000000078cf000 	/System/Library/Frameworks/CFNetwork.framework/Versions/A/CFNetwork
0x00000000078cf000 	/System/Library/Frameworks/SystemConfiguration.framework/Versions/A/SystemConfiguration
0x00000000078cf000 	/usr/lib/libCRFSuite.dylib
0x00000000078cf000 	/usr/lib/libc++.1.dylib
0x00000000078cf000 	/usr/lib/libc++abi.dylib
0x00000000078cf000 	/usr/lib/system/libcache.dylib
0x00000000078cf000 	/usr/lib/system/libcommonCrypto.dylib
0x00000000078cf000 	/usr/lib/system/libcompiler_rt.dylib
0x00000000078cf000 	/usr/lib/system/libcopyfile.dylib
0x00000000078cf000 	/usr/lib/system/libcorecrypto.dylib
0x00000000078cf000 	/usr/lib/system/libdispatch.dylib
0x00000000078cf000 	/usr/lib/system/libdyld.dylib
0x00000000078cf000 	/usr/lib/system/libkeymgr.dylib
0x00000000078cf000 	/usr/lib/system/liblaunch.dylib
0x00000000078cf000 	/usr/lib/system/libmacho.dylib
0x00000000078cf000 	/usr/lib/system/libquarantine.dylib
0x00000000078cf000 	/usr/lib/system/libremovefile.dylib
0x00000000078cf000 	/usr/lib/system/libsystem_asl.dylib
0x00000000078cf000 	/usr/lib/system/libsystem_blocks.dylib
0x00000000078cf000 	/usr/lib/system/libsystem_c.dylib
0x00000000078cf000 	/usr/lib/system/libsystem_configuration.dylib
0x00000000078cf000 	/usr/lib/system/libsystem_coreservices.dylib
0x00000000078cf000 	/usr/lib/system/libsystem_coretls.dylib
0x00000000078cf000 	/usr/lib/system/libsystem_dnssd.dylib
0x00000000078cf000 	/usr/lib/system/libsystem_info.dylib
0x00000000078cf000 	/usr/lib/system/libsystem_kernel.dylib
0x00000000078cf000 	/usr/lib/system/libsystem_m.dylib
0x00000000078cf000 	/usr/lib/system/libsystem_malloc.dylib
0x00000000078cf000 	/usr/lib/system/libsystem_network.dylib
0x00000000078cf000 	/usr/lib/system/libsystem_networkextension.dylib
0x00000000078cf000 	/usr/lib/system/libsystem_notify.dylib
0x00000000078cf000 	/usr/lib/system/libsystem_platform.dylib
0x00000000078cf000 	/usr/lib/system/libsystem_pthread.dylib
0x00000000078cf000 	/usr/lib/system/libsystem_sandbox.dylib
0x00000000078cf000 	/usr/lib/system/libsystem_secinit.dylib
0x00000000078cf000 	/usr/lib/system/libsystem_stats.dylib
0x00000000078cf000 	/usr/lib/system/libsystem_trace.dylib
0x00000000078cf000 	/usr/lib/system/libunc.dylib
0x00000000078cf000 	/usr/lib/system/libunwind.dylib
0x00000000078cf000 	/usr/lib/system/libxpc.dylib
0x00000000078cf000 	/usr/lib/libbz2.1.0.dylib
0x00000000078cf000 	/usr/lib/liblzma.5.dylib
0x00000000078cf000 	/usr/lib/libbsm.0.dylib
0x00000000078cf000 	/usr/lib/libsqlite3.dylib
0x00000000078cf000 	/usr/lib/system/libkxld.dylib
0x00000000078cf000 	/usr/lib/libxar.1.dylib
0x00000000078cf000 	/usr/lib/libpam.2.dylib
0x00000000078cf000 	/usr/lib/libOpenScriptingUtil.dylib
0x00000000078cf000 	/System/Library/Frameworks/CoreServices.framework/Versions/A/Frameworks/FSEvents.framework/Versions/A/FSEvents
0x00000000078cf000 	/System/Library/Frameworks/CoreServices.framework/Versions/A/Frameworks/CarbonCore.framework/Versions/A/CarbonCore
0x00000000078cf000 	/System/Library/Frameworks/CoreServices.framework/Versions/A/Frameworks/Metadata.framework/Versions/A/Metadata
0x00000000078cf000 	/System/Library/Frameworks/CoreServices.framework/Versions/A/Frameworks/OSServices.framework/Versions/A/OSServices
0x00000000078cf000 	/System/Library/Frameworks/CoreServices.framework/Versions/A/Frameworks/SearchKit.framework/Versions/A/SearchKit
0x00000000078cf000 	/System/Library/Frameworks/CoreServices.framework/Versions/A/Frameworks/AE.framework/Versions/A/AE
0x00000000078cf000 	/System/Library/Frameworks/CoreServices.framework/Versions/A/Frameworks/LaunchServices.framework/Versions/A/LaunchServices
0x00000000078cf000 	/System/Library/Frameworks/CoreServices.framework/Versions/A/Frameworks/DictionaryServices.framework/Versions/A/DictionaryServices
0x00000000078cf000 	/System/Library/Frameworks/NetFS.framework/Versions/A/NetFS
0x00000000078cf000 	/System/Library/PrivateFrameworks/NetAuth.framework/Versions/A/NetAuth
0x00000000078cf000 	/System/Library/PrivateFrameworks/login.framework/Versions/A/Frameworks/loginsupport.framework/Versions/A/loginsupport
0x00000000078cf000 	/System/Library/PrivateFrameworks/TCC.framework/Versions/A/TCC
0x00000000078cf000 	/usr/lib/libmecabra.dylib
0x00000000078cf000 	/System/Library/Frameworks/ApplicationServices.framework/Versions/A/Frameworks/ATS.framework/Versions/A/ATS
0x00000000078cf000 	/System/Library/Frameworks/ApplicationServices.framework/Versions/A/Frameworks/ColorSync.framework/Versions/A/ColorSync
0x00000000078cf000 	/System/Library/Frameworks/ApplicationServices.framework/Versions/A/Frameworks/HIServices.framework/Versions/A/HIServices
0x00000000078cf000 	/System/Library/Frameworks/ApplicationServices.framework/Versions/A/Frameworks/LangAnalysis.framework/Versions/A/LangAnalysis
0x00000000078cf000 	/System/Library/Frameworks/ApplicationServices.framework/Versions/A/Frameworks/PrintCore.framework/Versions/A/PrintCore
0x00000000078cf000 	/System/Library/Frameworks/ApplicationServices.framework/Versions/A/Frameworks/QD.framework/Versions/A/QD
0x00000000078cf000 	/System/Library/Frameworks/ApplicationServices.framework/Versions/A/Frameworks/SpeechSynthesis.framework/Versions/A/SpeechSynthesis
0x00000000078cf000 	/System/Library/Frameworks/Accelerate.framework/Versions/A/Accelerate
0x00000000078cf000 	/System/Library/Frameworks/Accelerate.framework/Versions/A/Frameworks/vImage.framework/Versions/A/vImage
0x00000000078cf000 	/System/Library/Frameworks/Accelerate.framework/Versions/A/Frameworks/vecLib.framework/Versions/A/vecLib
0x00000000078cf000 	/System/Library/Frameworks/Accelerate.framework/Versions/A/Frameworks/vecLib.framework/Versions/A/libvDSP.dylib
0x00000000078cf000 	/System/Library/Frameworks/Accelerate.framework/Versions/A/Frameworks/vecLib.framework/Versions/A/libvMisc.dylib
0x00000000078cf000 	/System/Library/Frameworks/Accelerate.framework/Versions/A/Frameworks/vecLib.framework/Versions/A/libLAPACK.dylib
0x00000000078cf000 	/System/Library/Frameworks/Accelerate.framework/Versions/A/Frameworks/vecLib.framework/Versions/A/libBLAS.dylib
0x00000000078cf000 	/System/Library/Frameworks/Accelerate.framework/Versions/A/Frameworks/vecLib.framework/Versions/A/libLinearAlgebra.dylib
0x00000000078cf000 	/System/Library/Frameworks/ApplicationServices.framework/Versions/A/Frameworks/ATS.framework/Versions/A/Resources/libFontParser.dylib
0x00000000078cf000 	/System/Library/Frameworks/ApplicationServices.framework/Versions/A/Frameworks/ATS.framework/Versions/A/Resources/libFontRegistry.dylib
0x00000000078cf000 	/System/Library/PrivateFrameworks/AppleVPA.framework/Versions/A/AppleVPA
0x00000000078cf000 	/System/Library/PrivateFrameworks/AppleJPEG.framework/Versions/A/AppleJPEG
0x00000000078cf000 	/System/Library/Frameworks/ImageIO.framework/Versions/A/Resources/libJPEG.dylib
0x00000000078cf000 	/System/Library/Frameworks/ImageIO.framework/Versions/A/Resources/libTIFF.dylib
0x00000000078cf000 	/System/Library/Frameworks/ImageIO.framework/Versions/A/Resources/libPng.dylib
0x00000000078cf000 	/System/Library/Frameworks/ImageIO.framework/Versions/A/Resources/libGIF.dylib
0x00000000078cf000 	/System/Library/Frameworks/ImageIO.framework/Versions/A/Resources/libJP2.dylib
0x00000000078cf000 	/System/Library/Frameworks/ImageIO.framework/Versions/A/Resources/libRadiance.dylib
0x00000000078cf000 	/System/Library/Frameworks/CoreVideo.framework/Versions/A/CoreVideo
0x00000000078cf000 	/System/Library/Frameworks/OpenGL.framework/Versions/A/Libraries/libGLU.dylib
0x00000000078cf000 	/System/Library/Frameworks/OpenGL.framework/Versions/A/Libraries/libGFXShared.dylib
0x00000000078cf000 	/System/Library/Frameworks/OpenGL.framework/Versions/A/Libraries/libGL.dylib
0x00000000078cf000 	/System/Library/Frameworks/OpenGL.framework/Versions/A/Libraries/libGLImage.dylib
0x00000000078cf000 	/System/Library/Frameworks/OpenGL.framework/Versions/A/Libraries/libCVMSPluginSupport.dylib
0x00000000078cf000 	/System/Library/Frameworks/OpenGL.framework/Versions/A/Libraries/libCoreVMClient.dylib
0x00000000078cf000 	/usr/lib/libcups.2.dylib
0x00000000078cf000 	/System/Library/Frameworks/Kerberos.framework/Versions/A/Kerberos
0x00000000078cf000 	/System/Library/Frameworks/GSS.framework/Versions/A/GSS
0x00000000078cf000 	/usr/lib/libresolv.9.dylib
0x00000000078cf000 	/usr/lib/libiconv.2.dylib
0x00000000078cf000 	/System/Library/PrivateFrameworks/Heimdal.framework/Versions/A/Heimdal
0x00000000078cf000 	/usr/lib/libheimdal-asn1.dylib
0x00000000078cf000 	/System/Library/Frameworks/OpenDirectory.framework/Versions/A/OpenDirectory
0x00000000078cf000 	/System/Library/PrivateFrameworks/CommonAuth.framework/Versions/A/CommonAuth
0x00000000078cf000 	/System/Library/Frameworks/OpenDirectory.framework/Versions/A/Frameworks/CFOpenDirectory.framework/Versions/A/CFOpenDirectory
0x00000000078cf000 	/System/Library/Frameworks/SecurityFoundation.framework/Versions/A/SecurityFoundation
0x00000000078cf000 	/System/Library/PrivateFrameworks/LanguageModeling.framework/Versions/A/LanguageModeling
0x00000000078cf000 	/usr/lib/libcmph.dylib
0x00000000078cf000 	/System/Library/Frameworks/ServiceManagement.framework/Versions/A/ServiceManagement
0x00000000078cf000 	/usr/lib/libxslt.1.dylib
0x00000000078cf000 	/System/Library/Frameworks/Carbon.framework/Versions/A/Frameworks/Ink.framework/Versions/A/Ink
0x00000000078cf000 	/System/Library/Frameworks/QuartzCore.framework/Versions/A/Frameworks/CoreImage.framework/Versions/A/CoreImage
0x00000000078cf000 	/System/Library/PrivateFrameworks/CrashReporterSupport.framework/Versions/A/CrashReporterSupport
0x00000000078cf000 	/System/Library/Frameworks/OpenCL.framework/Versions/A/OpenCL
0x00000000078cf000 	/System/Library/PrivateFrameworks/FaceCore.framework/Versions/A/FaceCore
0x00000000078cf000 	/System/Library/PrivateFrameworks/Ubiquity.framework/Versions/A/Ubiquity
0x00000000078cf000 	/System/Library/PrivateFrameworks/IconServices.framework/Versions/A/IconServices
0x00000000078cf000 	/System/Library/PrivateFrameworks/ChunkingLibrary.framework/Versions/A/ChunkingLibrary
0x00000000078cf000 	/System/Library/PrivateFrameworks/Apple80211.framework/Versions/A/Apple80211
0x00000000078cf000 	/System/Library/Frameworks/CoreWLAN.framework/Versions/A/CoreWLAN
0x00000000078cf000 	/System/Library/Frameworks/IOBluetooth.framework/Versions/A/IOBluetooth
0x00000000078cf000 	/System/Library/PrivateFrameworks/CoreWiFi.framework/Versions/A/CoreWiFi
0x00000000078cf000 	/System/Library/Frameworks/CoreBluetooth.framework/Versions/A/CoreBluetooth
0x00000000078cf000 	/System/Library/PrivateFrameworks/DebugSymbols.framework/Versions/A/DebugSymbols
0x00000000078cf000 	/System/Library/PrivateFrameworks/CoreSymbolication.framework/Versions/A/CoreSymbolication
0x00000000078cf000 	/System/Library/PrivateFrameworks/Symbolication.framework/Versions/A/Symbolication
0x00000000078cf000 	/System/Library/PrivateFrameworks/SpeechRecognitionCore.framework/Versions/A/SpeechRecognitionCore
0x0000000101000000 	/Library/Java/JavaVirtualMachines/jdk1.8.0_20.jdk/Contents/Home/jre/lib/server/libjvm.dylib
0x00000000078cf000 	/usr/lib/libstdc++.6.dylib
0x00000001007c7000 	/Library/Java/JavaVirtualMachines/jdk1.8.0_20.jdk/Contents/Home/jre/lib/libverify.dylib
0x0000000101f1b000 	/Library/Java/JavaVirtualMachines/jdk1.8.0_20.jdk/Contents/Home/jre/lib/libjava.dylib
0x00000001007df000 	/Library/Java/JavaVirtualMachines/jdk1.8.0_20.jdk/Contents/Home/jre/lib/libzip.dylib
0x00000001007e9000 	/System/Library/Frameworks/JavaVM.framework/Frameworks/JavaRuntimeSupport.framework/JavaRuntimeSupport
0x0000000116d0e000 	/System/Library/Frameworks/JavaVM.framework/Versions/A/Frameworks/JavaNativeFoundation.framework/Versions/A/JavaNativeFoundation
0x0000000116d22000 	/System/Library/Frameworks/JavaVM.framework/Versions/A/JavaVM
0x00000000078cf000 	/System/Library/Frameworks/Carbon.framework/Versions/A/Carbon
0x0000000116d2e000 	/System/Library/PrivateFrameworks/JavaLaunching.framework/Versions/A/JavaLaunching
0x00000000078cf000 	/System/Library/Frameworks/Carbon.framework/Versions/A/Frameworks/CommonPanels.framework/Versions/A/CommonPanels
0x00000000078cf000 	/System/Library/Frameworks/Carbon.framework/Versions/A/Frameworks/Help.framework/Versions/A/Help
0x00000000078cf000 	/System/Library/Frameworks/Carbon.framework/Versions/A/Frameworks/ImageCapture.framework/Versions/A/ImageCapture
0x00000000078cf000 	/System/Library/Frameworks/Carbon.framework/Versions/A/Frameworks/OpenScripting.framework/Versions/A/OpenScripting
0x00000000078cf000 	/System/Library/Frameworks/Carbon.framework/Versions/A/Frameworks/Print.framework/Versions/A/Print
0x00000000078cf000 	/System/Library/Frameworks/Carbon.framework/Versions/A/Frameworks/SecurityHI.framework/Versions/A/SecurityHI
0x0000000118dbb000 	/Library/Java/JavaVirtualMachines/jdk1.8.0_20.jdk/Contents/Home/jre/lib/libprism_es2.dylib
0x00000000078cf000 	/System/Library/Frameworks/OpenGL.framework/Versions/A/Resources/GLEngine.bundle/GLEngine
0x00000000078cf000 	/System/Library/Frameworks/OpenGL.framework/Versions/A/Libraries/libGLProgrammability.dylib
0x0000000118e38000 	/System/Library/Extensions/AppleIntelHD4000GraphicsGLDriver.bundle/Contents/MacOS/AppleIntelHD4000GraphicsGLDriver
0x00000000078cf000 	/System/Library/PrivateFrameworks/IOAccelerator.framework/Versions/A/IOAccelerator
0x00000000078cf000 	/System/Library/PrivateFrameworks/GPUSupport.framework/Versions/A/Libraries/libGPUSupportMercury.dylib
0x00000000078cf000 	/System/Library/Frameworks/OpenGL.framework/Versions/A/Resources/GLRendererFloat.bundle/GLRendererFloat
0x00000000078cf000 	/System/Library/Frameworks/OpenCL.framework/Versions/A/Libraries/libcldcpuengine.dylib
0x00000000078cf000 	/System/Library/PrivateFrameworks/DiskImages.framework/Versions/A/DiskImages
0x00000000078cf000 	/System/Library/Frameworks/DiscRecording.framework/Versions/A/DiscRecording
0x00000000078cf000 	/usr/lib/libcsfde.dylib
0x00000000078cf000 	/usr/lib/libcurl.4.dylib
0x00000000078cf000 	/System/Library/PrivateFrameworks/MediaKit.framework/Versions/A/MediaKit
0x00000000078cf000 	/System/Library/PrivateFrameworks/ProtectedCloudStorage.framework/Versions/A/ProtectedCloudStorage
0x00000000078cf000 	/usr/lib/libCoreStorage.dylib
0x00000000078cf000 	/System/Library/PrivateFrameworks/EFILogin.framework/Versions/A/EFILogin
0x00000000078cf000 	/usr/lib/libutil.dylib
0x00000000078cf000 	/System/Library/PrivateFrameworks/FindMyDevice.framework/Versions/A/FindMyDevice
0x00000000078cf000 	/System/Library/Frameworks/LDAP.framework/Versions/A/LDAP
0x00000000078cf000 	/usr/lib/libsasl2.2.dylib
0x00000000078cf000 	/System/Library/PrivateFrameworks/CoreDaemon.framework/Versions/B/CoreDaemon
0x00000000078cf000 	/usr/lib/libcrypto.0.9.8.dylib
0x00000000078cf000 	/System/Library/PrivateFrameworks/AppleSRP.framework/Versions/A/AppleSRP
0x00000000078cf000 	/System/Library/PrivateFrameworks/TrustEvaluationAgent.framework/Versions/A/TrustEvaluationAgent
0x00000001198c6000 	/Library/Java/JavaVirtualMachines/jdk1.8.0_20.jdk/Contents/Home/jre/lib/libglass.dylib
0x00000000078cf000 	/System/Library/PrivateFrameworks/CoreServicesInternal.framework/Versions/A/CoreServicesInternal
0x00000000078cf000 	/System/Library/PrivateFrameworks/CloudDocs.framework/Versions/A/CloudDocs
0x00000000078cf000 	/System/Library/PrivateFrameworks/CoreDuet.framework/Versions/A/CoreDuet
0x00000000078cf000 	/System/Library/Frameworks/CloudKit.framework/Versions/A/CloudKit
0x00000000078cf000 	/System/Library/PrivateFrameworks/ProtocolBuffer.framework/Versions/A/ProtocolBuffer
0x00000000078cf000 	/System/Library/PrivateFrameworks/CoreDuetDaemonProtocol.framework/Versions/A/CoreDuetDaemonProtocol
0x00000000078cf000 	/System/Library/PrivateFrameworks/CoreDuetDebugLogging.framework/Versions/A/CoreDuetDebugLogging
0x00000000078cf000 	/System/Library/PrivateFrameworks/MMCS.framework/Versions/A/MMCS
0x00000000078cf000 	/System/Library/Frameworks/CoreLocation.framework/Versions/A/CoreLocation
0x00000000078cf000 	/System/Library/PrivateFrameworks/GeoServices.framework/Versions/A/GeoServices
0x00000000078cf000 	/System/Library/Frameworks/CoreGraphics.framework/Versions/A/Resources/libCGCMS.A.dylib
0x00000000078cf000 	/System/Library/CoreServices/RawCamera.bundle/Contents/MacOS/RawCamera
0x00000000078cf000 	/System/Library/Frameworks/CoreGraphics.framework/Versions/A/Resources/libRIP.A.dylib
0x00000000078cf000 	/System/Library/PrivateFrameworks/FamilyControls.framework/Versions/A/FamilyControls
0x00000000078cf000 	/System/Library/PrivateFrameworks/CommerceKit.framework/Versions/A/Frameworks/CommerceCore.framework/Versions/A/CommerceCore
0x00000000078cf000 	/System/Library/PrivateFrameworks/SystemAdministration.framework/Versions/A/SystemAdministration
0x00000000078cf000 	/System/Library/PrivateFrameworks/AppContainer.framework/Versions/A/AppContainer
0x00000000078cf000 	/System/Library/PrivateFrameworks/SecCodeWrapper.framework/Versions/A/SecCodeWrapper
0x00000000078cf000 	/System/Library/Frameworks/DirectoryService.framework/Versions/A/DirectoryService
0x00000000078cf000 	/System/Library/PrivateFrameworks/LoginUIKit.framework/Versions/A/Frameworks/LoginUICore.framework/Versions/A/LoginUICore
0x00000000078cf000 	/usr/lib/libodfde.dylib
0x000000011d300000 	/Library/Java/JavaVirtualMachines/jdk1.8.0_20.jdk/Contents/Home/jre/lib/libjavafx_iio.dylib
0x000000011d3f1000 	/Library/Java/JavaVirtualMachines/jdk1.8.0_20.jdk/Contents/Home/jre/lib/libjavafx_font.dylib
0x00000000078cf000 	/System/Library/Frameworks/CoreGraphics.framework/Versions/A/Resources/libCGXType.A.dylib
0x000000011f4d2000 	cl_kernels
0x000000011f4d4000 	/System/Library/Frameworks/OpenCL.framework/Versions/A/Libraries/ImageFormats/unorm8_bgra.dylib
0x000000011f5fe000 	cl_kernels
0x000000011f4c3000 	/Library/Java/JavaVirtualMachines/jdk1.8.0_20.jdk/Contents/Home/jre/lib/libprism_common.dylib

VM Arguments:
jvm_args: -Dfile.encoding=UTF-8 
java_command: GUI.Main
java_class_path (initial): /Users/Cara/git/4_Gewinnt/bin:/Applications/eclipse/plugins/org.junit_4.11.0.v201303080030/junit.jar:/Applications/eclipse/plugins/org.hamcrest.core_1.3.0.v201303031735.jar:/Users/Cara/git/4_Gewinnt/lib/hsqldb.jar
Launcher Type: SUN_STANDARD

Environment Variables:
PATH=/usr/bin:/bin:/usr/sbin:/sbin
SHELL=/bin/bash

Signal Handlers:
SIGSEGV: [libjvm.dylib+0x578fd7], sa_mask[0]=11111111011111110111111111111111, sa_flags=SA_ONSTACK|SA_RESTART|SA_SIGINFO
SIGBUS: [libjvm.dylib+0x578fd7], sa_mask[0]=11111111011111110111111111111111, sa_flags=SA_RESTART|SA_SIGINFO
SIGFPE: [libjvm.dylib+0x45ab0c], sa_mask[0]=11111111011111110111111111111111, sa_flags=SA_RESTART|SA_SIGINFO
SIGPIPE: [libjvm.dylib+0x45ab0c], sa_mask[0]=11111111011111110111111111111111, sa_flags=SA_RESTART|SA_SIGINFO
SIGXFSZ: [libjvm.dylib+0x45ab0c], sa_mask[0]=11111111011111110111111111111111, sa_flags=SA_RESTART|SA_SIGINFO
SIGILL: [libjvm.dylib+0x45ab0c], sa_mask[0]=11111111011111110111111111111111, sa_flags=SA_RESTART|SA_SIGINFO
SIGUSR1: SIG_DFL, sa_mask[0]=00000000000000000000000000000000, sa_flags=none
SIGUSR2: [libjvm.dylib+0x45a62a], sa_mask[0]=00100000000000000000000000000000, sa_flags=SA_RESTART|SA_SIGINFO
SIGHUP: [libjvm.dylib+0x458bfd], sa_mask[0]=11111111011111110111111111111111, sa_flags=SA_RESTART|SA_SIGINFO
SIGINT: [libjvm.dylib+0x458bfd], sa_mask[0]=11111111011111110111111111111111, sa_flags=SA_RESTART|SA_SIGINFO
SIGTERM: [libjvm.dylib+0x458bfd], sa_mask[0]=11111111011111110111111111111111, sa_flags=SA_RESTART|SA_SIGINFO
SIGQUIT: [libjvm.dylib+0x458bfd], sa_mask[0]=11111111011111110111111111111111, sa_flags=SA_RESTART|SA_SIGINFO


---------------  S Y S T E M  ---------------

OS:Bsduname:Darwin 14.5.0 Darwin Kernel Version 14.5.0: Wed Jul 29 02:26:53 PDT 2015; root:xnu-2782.40.9~1/RELEASE_X86_64 x86_64
rlimit: STACK 8192k, CORE 0k, NPROC 709, NOFILE 10240, AS infinity
load average:2.13 1.89 1.84

CPU:total 4 (2 cores per cpu, 2 threads per core) family 6 model 58 stepping 9, cmov, cx8, fxsr, mmx, sse, sse2, sse3, ssse3, sse4.1, sse4.2, popcnt, avx, aes, clmul, erms, ht, tsc, tscinvbit, tscinv

Memory: 4k page, physical 6291456k(17900k free)

/proc/meminfo:


vm_info: Java HotSpot(TM) 64-Bit Server VM (25.20-b23) for bsd-amd64 JRE (1.8.0_20-b26), built on Jul 30 2014 13:37:47 by "java_re" with gcc 4.2.1 (Based on Apple Inc. build 5658) (LLVM build 2336.9.00)

time: Sat Sep 19 17:00:15 2015
elapsed time: 2 seconds (0d 0h 0m 2s)

