#
# A fatal error has been detected by the Java Runtime Environment:
#
#  SIGSEGV (0xb) at pc=0x00007fff8d5b90dd, pid=59471, tid=1811
#
# JRE version: Java(TM) SE Runtime Environment (8.0_20-b26) (build 1.8.0_20-b26)
# Java VM: Java HotSpot(TM) 64-Bit Server VM (25.20-b23 mixed mode bsd-amd64 compressed oops)
# Problematic frame:
# C  [libobjc.A.dylib+0x10dd]  objc_msgSend+0x1d
#
# Failed to write core dump. Core dumps have been disabled. To enable core dumping, try "ulimit -c unlimited" before starting Java again
#
# If you would like to submit a bug report, please visit:
#   http://bugreport.sun.com/bugreport/crash.jsp
# The crash happened outside the Java Virtual Machine in native code.
# See problematic frame for where to report the bug.
#

---------------  T H R E A D  ---------------

Current thread (0x00007fa3421e8800):  JavaThread "JavaFX Application Thread" [_thread_in_native, id=1811, stack(0x00007fff4fed5000,0x00007fff506d5000)]

siginfo: si_signo: 11 (SIGSEGV), si_code: 1 (SEGV_MAPERR), si_addr: 0x0000000000000018

Registers:
RAX=0x00000001107e2900, RBX=0x00007fa3421e89e8, RCX=0x00007fa344255410, RDX=0x0000000000000004
RSP=0x00007fff506c7968, RBP=0x00007fff506c7db0, RSI=0x0000000128872142, RDI=0x00007fa341e09460
R8 =0x00007fa341f34ee0, R9 =0x0000000000000000, R10=0x0000000128872142, R11=0x0000000000000000
R12=0x0000000000000408, R13=0x0000000000000000, R14=0x0000000000000001, R15=0x0000000110302414
RIP=0x00007fff8d5b90dd, EFLAGS=0x0000000000010246, ERR=0x0000000000000004
  TRAPNO=0x000000000000000e

Top of Stack: (sp=0x00007fff506c7968)
0x00007fff506c7968:   000000012885ae0e 00000000506c79b0
0x00007fff506c7978:   0000000000000006 00007fff7e2290d0
0x00007fff506c7988:   0000000042000000 00007fa344381b60
0x00007fff506c7998:   00007fa3421e89e8 00007fa344255410
0x00007fff506c79a8:   0000000000000000 00007fa34470b660
0x00007fff506c79b8:   00007fff506c79b0 0000003002000000
0x00007fff506c79c8:   0000000000000003 00007fff506c7a08
0x00007fff506c79d8:   00007fa34470b678 0000000000000000
0x00007fff506c79e8:   0000000000000000 0000000000000000
0x00007fff506c79f8:   0000000000000000 0000000000000000
0x00007fff506c7a08:   00007fa341c82860 0000000000000000
0x00007fff506c7a18:   00007fff506c7a10 0000003002000000
0x00007fff506c7a28:   00007fff931f2fc0 00007fff931f2fe0
0x00007fff506c7a38:   0000000000000000 000000f800000000
0x00007fff506c7a48:   000000000000001d 40898c2800000000
0x00007fff506c7a58:   406f4fa000000000 0000000000000000
0x00007fff506c7a68:   0000000000000000 000078aeeca4facc
0x00007fff506c7a78:   0000000000000100 0000000000000000
0x00007fff506c7a88:   0000000000000000 0000000400000000
0x00007fff506c7a98:   0000000000000000 0000000000000001
0x00007fff506c7aa8:   0000000100004494 000000000000e84f
0x00007fff506c7ab8:   0002eb4f00482482 0000000000000000
0x00007fff506c7ac8:   0000000000000000 0000000000000000
0x00007fff506c7ad8:   0000000000000000 0000000000000000
0x00007fff506c7ae8:   0000000000000000 0000000000000000
0x00007fff506c7af8:   0000000000000000 0000000000000000
0x00007fff506c7b08:   0000000000000000 00007fa344702490
0x00007fff506c7b18:   0000000000000000 00007fa341c7d6b0
0x00007fff506c7b28:   0000000000000000 0000000000000000
0x00007fff506c7b38:   406f4fa000000000 dc001ab71fcd1411
0x00007fff506c7b48:   0000000000000000 00007fa34470ac00
0x00007fff506c7b58:   0000000000000008 0000000000000000 

Instructions: (pc=0x00007fff8d5b90dd)
0x00007fff8d5b90bd:   00 00 00 48 85 ff 2e 74 7a 40 f6 c7 01 2e 75 7e
0x00007fff8d5b90cd:   49 bb f8 ff ff ff ff 7f 00 00 4c 23 1f 49 89 f2
0x00007fff8d5b90dd:   45 23 53 18 49 c1 e2 04 4d 03 53 10 49 3b 32 75
0x00007fff8d5b90ed:   04 41 ff 62 08 49 83 3a 00 74 6a 4d 3b 53 10 74 

Register to memory mapping:

RAX=0x00000001107e2900: _ZL13jfr_interface+0x60 in /Library/Java/JavaVirtualMachines/jdk1.8.0_20.jdk/Contents/Home/jre/lib/server/libjvm.dylib at 0x0000000110000000
RBX=0x00007fa3421e89e8 is an unknown value
RCX=0x00007fa344255410 is an unknown value
RDX=0x0000000000000004 is an unknown value
RSP=0x00007fff506c7968 is pointing into the stack for thread: 0x00007fa3421e8800
RBP=0x00007fff506c7db0 is pointing into the stack for thread: 0x00007fa3421e8800
RSI=0x0000000128872142: __FUNCTION__.95073+0x962 in /Library/Java/JavaVirtualMachines/jdk1.8.0_20.jdk/Contents/Home/jre/lib/libglass.dylib at 0x0000000128842000
RDI=0x00007fa341e09460 is an unknown value
R8 =0x00007fa341f34ee0 is an unknown value
R9 =0x0000000000000000 is an unknown value
R10=0x0000000128872142: __FUNCTION__.95073+0x962 in /Library/Java/JavaVirtualMachines/jdk1.8.0_20.jdk/Contents/Home/jre/lib/libglass.dylib at 0x0000000128842000
R11=0x0000000000000000 is an unknown value
R12=0x0000000000000408 is an unknown value
R13=0x0000000000000000 is an unknown value
R14=0x0000000000000001 is an unknown value
R15=0x0000000110302414: jni_CallStaticVoidMethod+0 in /Library/Java/JavaVirtualMachines/jdk1.8.0_20.jdk/Contents/Home/jre/lib/server/libjvm.dylib at 0x0000000110000000


Stack: [0x00007fff4fed5000,0x00007fff506d5000],  sp=0x00007fff506c7968,  free space=8138k
Native frames: (J=compiled Java code, j=interpreted, Vv=VM code, C=native code)
C  [libobjc.A.dylib+0x10dd]  objc_msgSend+0x1d
C  [libglass.dylib+0x184be]  listenTouchEvents+0x5e
C  [CoreGraphics+0x1270b2]  processEventTapData+0x26b
C  [CoreGraphics+0x126d24]  _CGYPostEventTapData+0xc1
C  [CoreGraphics+0x12edb1]  _XPostEventTapData+0x59
C  [CoreGraphics+0x12ee9a]  CGYEventTap_server+0x56
C  [CoreGraphics+0x126e0c]  eventTapMessageHandler+0x2e
C  [CoreFoundation+0x80d87]  __CFMachPortPerform+0xf7
C  [CoreFoundation+0x80c79]  __CFRUNLOOP_IS_CALLING_OUT_TO_A_SOURCE1_PERFORM_FUNCTION__+0x29
C  [CoreFoundation+0x80beb]  __CFRunLoopDoSource1+0x1db
C  [CoreFoundation+0x72767]  __CFRunLoopRun+0x947
C  [CoreFoundation+0x71bd8]  CFRunLoopRunSpecific+0x128
C  [HIToolbox+0x3256f]  RunCurrentEventLoopInMode+0xeb
C  [HIToolbox+0x321ee]  ReceiveNextEventCommon+0xb3
C  [HIToolbox+0x3212b]  _BlockUntilNextEventMatchingListInModeWithFilter+0x47
C  [AppKit+0x918ab]  _DPSNextEvent+0x3d2
C  [AppKit+0x90e58]  -[NSApplication nextEventMatchingMask:untilDate:inMode:dequeue:]+0x15a
C  [AppKit+0x86af3]  -[NSApplication run]+0x252
C  [libglass.dylib+0x6757]  -[GlassApplication runLoop:]+0x6f7
C  [Foundation+0x92dd0]  __NSThreadPerformPerform+0x125
C  [CoreFoundation+0x80a01]  __CFRUNLOOP_IS_CALLING_OUT_TO_A_SOURCE0_PERFORM_FUNCTION__+0x11
C  [CoreFoundation+0x72b8d]  __CFRunLoopDoSources0+0x10d
C  [CoreFoundation+0x721bf]  __CFRunLoopRun+0x39f
C  [CoreFoundation+0x71bd8]  CFRunLoopRunSpecific+0x128
C  [java+0x56cc]  CreateExecutionEnvironment+0x367
C  [java+0x165c]  JLI_Launch+0x7a0
C  [java+0x768a]  main+0x65
C  [java+0xeb4]  start+0x34
C  0x0000000000000005


---------------  P R O C E S S  ---------------

Java Threads: ( => current thread )
  0x00007fa343294000 JavaThread "Prism Font Disposer" daemon [_thread_blocked, id=49955, stack(0x000000012d354000,0x000000012d454000)]
  0x00007fa34321e800 JavaThread "JavaFX-Launcher" [_thread_blocked, id=48899, stack(0x000000012c5a3000,0x000000012c6a3000)]
  0x00007fa34281e800 JavaThread "Thread-3" daemon [_thread_in_native, id=36611, stack(0x000000012b3c9000,0x000000012b449000)]
=>0x00007fa3421e8800 JavaThread "JavaFX Application Thread" [_thread_in_native, id=1811, stack(0x00007fff4fed5000,0x00007fff506d5000)]
  0x00007fa3431c0800 JavaThread "Thread-1" daemon [_thread_blocked, id=24343, stack(0x00000001288a3000,0x00000001289a3000)]
  0x00007fa3430d8800 JavaThread "QuantumRenderer-0" daemon [_thread_blocked, id=19459, stack(0x0000000127c35000,0x0000000127d35000)]
  0x00007fa343066800 JavaThread "Service Thread" daemon [_thread_blocked, id=18435, stack(0x00000001279a3000,0x0000000127aa3000)]
  0x00007fa34305d800 JavaThread "C1 CompilerThread2" daemon [_thread_blocked, id=17923, stack(0x00000001278a0000,0x00000001279a0000)]
  0x00007fa343058000 JavaThread "C2 CompilerThread1" daemon [_thread_blocked, id=17411, stack(0x000000012779d000,0x000000012789d000)]
  0x00007fa34203c800 JavaThread "C2 CompilerThread0" daemon [_thread_blocked, id=16899, stack(0x000000012769a000,0x000000012779a000)]
  0x00007fa343057000 JavaThread "Signal Dispatcher" daemon [_thread_blocked, id=13847, stack(0x0000000127597000,0x0000000127697000)]
  0x00007fa34303c800 JavaThread "Finalizer" daemon [_thread_blocked, id=12035, stack(0x0000000125b72000,0x0000000125c72000)]
  0x00007fa34303b800 JavaThread "Reference Handler" daemon [_thread_blocked, id=11523, stack(0x0000000125a6f000,0x0000000125b6f000)]
  0x00007fa342008800 JavaThread "main" [_thread_blocked, id=5379, stack(0x000000010f641000,0x000000010f741000)]

Other Threads:
  0x00007fa343037000 VMThread [stack: 0x000000012596c000,0x0000000125a6c000] [id=11011]
  0x00007fa342039800 WatcherThread [stack: 0x0000000127aa6000,0x0000000127ba6000] [id=18947]

VM state:not at safepoint (normal execution)

VM Mutex/Monitor currently owned by a thread: None

Heap:
 PSYoungGen      total 28672K, used 17169K [0x00000007a0000000, 0x00000007a2000000, 0x00000007c0000000)
  eden space 24576K, 53% used [0x00000007a0000000,0x00000007a0ccb6d0,0x00000007a1800000)
  from space 4096K, 99% used [0x00000007a1800000,0x00000007a1bf8f20,0x00000007a1c00000)
  to   space 4096K, 0% used [0x00000007a1c00000,0x00000007a1c00000,0x00000007a2000000)
 ParOldGen       total 65536K, used 2668K [0x0000000760000000, 0x0000000764000000, 0x00000007a0000000)
  object space 65536K, 4% used [0x0000000760000000,0x000000076029b258,0x0000000764000000)
 Metaspace       used 14038K, capacity 14530K, committed 14720K, reserved 1062912K
  class space    used 1961K, capacity 2087K, committed 2176K, reserved 1048576K

Card table byte_map: [0x00000001202db000,0x00000001205dc000] byte_map_base: 0x000000011c7db000

Marking Bits: (ParMarkBitMap*) 0x000000011089c330
 Begin Bits: [0x0000000120be8000, 0x00000001223e8000)
 End Bits:   [0x00000001223e8000, 0x0000000123be8000)

Polling page: 0x000000010f785000

CodeCache: size=245760Kb used=4063Kb max_used=4063Kb free=241696Kb
 bounds [0x0000000110f1b000, 0x000000011131b000, 0x000000011ff1b000]
 total_blobs=1816 nmethods=1200 adapters=530
 compilation: enabled

Compilation events (10 events):
Event: 4.434 Thread 0x00007fa34305d800 1197       1       com.sun.prism.impl.BaseGraphics::getCameraNoClone (5 bytes)
Event: 4.434 Thread 0x00007fa34305d800 nmethod 1197 0x0000000111313250 code [0x00000001113133a0, 0x00000001113134b0]
Event: 4.434 Thread 0x00007fa34305d800 1199       3       com.sun.javafx.geom.BaseBounds::<init> (5 bytes)
Event: 4.434 Thread 0x00007fa34305d800 nmethod 1199 0x0000000111313510 code [0x0000000111313680, 0x0000000111313830]
Event: 4.434 Thread 0x00007fa34305d800 1198       3       com.sun.prism.es2.GLContext::getBoundTexture (10 bytes)
Event: 4.434 Thread 0x00007fa34305d800 nmethod 1198 0x00000001113138d0 code [0x0000000111313a40, 0x0000000111313bb0]
Event: 4.435 Thread 0x00007fa34305d800 1200       1       com.sun.prism.impl.BaseGraphics::isState3D (5 bytes)
Event: 4.435 Thread 0x00007fa34305d800 nmethod 1200 0x0000000111313c90 code [0x0000000111313de0, 0x0000000111313ef0]
Event: 4.435 Thread 0x00007fa34305d800 1201       1       com.sun.prism.impl.ps.BaseShaderContext$State::access$1300 (5 bytes)
Event: 4.435 Thread 0x00007fa34305d800 nmethod 1201 0x0000000111313f50 code [0x00000001113140a0, 0x0000000111314190]

GC Heap History (2 events):
Event: 1.779 GC heap before
{Heap before GC invocations=1 (full 0):
 PSYoungGen      total 28672K, used 24576K [0x00000007a0000000, 0x00000007a2000000, 0x00000007c0000000)
  eden space 24576K, 100% used [0x00000007a0000000,0x00000007a1800000,0x00000007a1800000)
  from space 4096K, 0% used [0x00000007a1c00000,0x00000007a1c00000,0x00000007a2000000)
  to   space 4096K, 0% used [0x00000007a1800000,0x00000007a1800000,0x00000007a1c00000)
 ParOldGen       total 65536K, used 0K [0x0000000760000000, 0x0000000764000000, 0x00000007a0000000)
  object space 65536K, 0% used [0x0000000760000000,0x0000000760000000,0x0000000764000000)
 Metaspace       used 11154K, capacity 11570K, committed 11904K, reserved 1058816K
  class space    used 1512K, capacity 1611K, committed 1664K, reserved 1048576K
Event: 1.797 GC heap after
Heap after GC invocations=1 (full 0):
 PSYoungGen      total 28672K, used 4067K [0x00000007a0000000, 0x00000007a2000000, 0x00000007c0000000)
  eden space 24576K, 0% used [0x00000007a0000000,0x00000007a0000000,0x00000007a1800000)
  from space 4096K, 99% used [0x00000007a1800000,0x00000007a1bf8f20,0x00000007a1c00000)
  to   space 4096K, 0% used [0x00000007a1c00000,0x00000007a1c00000,0x00000007a2000000)
 ParOldGen       total 65536K, used 2668K [0x0000000760000000, 0x0000000764000000, 0x00000007a0000000)
  object space 65536K, 4% used [0x0000000760000000,0x000000076029b258,0x0000000764000000)
 Metaspace       used 11154K, capacity 11570K, committed 11904K, reserved 1058816K
  class space    used 1512K, capacity 1611K, committed 1664K, reserved 1048576K
}

Deoptimization events (10 events):
Event: 1.939 Thread 0x00007fa3421e8800 Uncommon trap: reason=class_check action=maybe_recompile pc=0x000000011103e8dc method=java.lang.String.equals(Ljava/lang/Object;)Z @ 8
Event: 1.939 Thread 0x00007fa3421e8800 Uncommon trap: reason=class_check action=maybe_recompile pc=0x000000011103e8dc method=java.lang.String.equals(Ljava/lang/Object;)Z @ 8
Event: 1.939 Thread 0x00007fa3421e8800 Uncommon trap: reason=class_check action=maybe_recompile pc=0x000000011103e8dc method=java.lang.String.equals(Ljava/lang/Object;)Z @ 8
Event: 1.944 Thread 0x00007fa3421e8800 Uncommon trap: reason=class_check action=maybe_recompile pc=0x000000011103e8dc method=java.lang.String.equals(Ljava/lang/Object;)Z @ 8
Event: 2.180 Thread 0x00007fa3421e8800 Uncommon trap: reason=unloaded action=reinterpret pc=0x0000000111165d98 method=java.lang.CharacterData.of(I)Ljava/lang/CharacterData; @ 96
Event: 2.243 Thread 0x00007fa3421e8800 Uncommon trap: reason=unreached action=reinterpret pc=0x00000001112360bc method=java.util.HashMap.putVal(ILjava/lang/Object;Ljava/lang/Object;ZZ)Ljava/lang/Object; @ 193
Event: 4.327 Thread 0x00007fa3421e8800 Uncommon trap: reason=class_check action=maybe_recompile pc=0x000000011125af94 method=java.io.FilterInputStream.read()I @ 4
Event: 4.327 Thread 0x00007fa3421e8800 Uncommon trap: reason=class_check action=maybe_recompile pc=0x000000011125af94 method=java.io.FilterInputStream.read()I @ 4
Event: 4.327 Thread 0x00007fa3421e8800 Uncommon trap: reason=class_check action=maybe_recompile pc=0x000000011125af94 method=java.io.FilterInputStream.read()I @ 4
Event: 4.327 Thread 0x00007fa3421e8800 Uncommon trap: reason=class_check action=maybe_recompile pc=0x000000011125af94 method=java.io.FilterInputStream.read()I @ 4

Internal exceptions (10 events):
Event: 1.831 Thread 0x00007fa3421e8800 Exception <a 'java/security/PrivilegedActionException'> (0x00000007a0147ac8) thrown at [/HUDSON3/workspace/8-2-build-macosx-x86_64/jdk8u20/1074/hotspot/src/share/vm/prims/jvm.cpp, line 1275]
Event: 4.303 Thread 0x00007fa3421e8800 Exception <a 'java/security/PrivilegedActionException'> (0x00000007a0a885d8) thrown at [/HUDSON3/workspace/8-2-build-macosx-x86_64/jdk8u20/1074/hotspot/src/share/vm/prims/jvm.cpp, line 1275]
Event: 4.303 Thread 0x00007fa3421e8800 Exception <a 'java/security/PrivilegedActionException'> (0x00000007a0a89ba0) thrown at [/HUDSON3/workspace/8-2-build-macosx-x86_64/jdk8u20/1074/hotspot/src/share/vm/prims/jvm.cpp, line 1275]
Event: 4.306 Thread 0x00007fa3421e8800 Exception <a 'java/security/PrivilegedActionException'> (0x00000007a0aa7640) thrown at [/HUDSON3/workspace/8-2-build-macosx-x86_64/jdk8u20/1074/hotspot/src/share/vm/prims/jvm.cpp, line 1275]
Event: 4.306 Thread 0x00007fa3421e8800 Exception <a 'java/security/PrivilegedActionException'> (0x00000007a0aa8c40) thrown at [/HUDSON3/workspace/8-2-build-macosx-x86_64/jdk8u20/1074/hotspot/src/share/vm/prims/jvm.cpp, line 1275]
Event: 4.306 Thread 0x00007fa3421e8800 Exception <a 'java/security/PrivilegedActionException'> (0x00000007a0aa9910) thrown at [/HUDSON3/workspace/8-2-build-macosx-x86_64/jdk8u20/1074/hotspot/src/share/vm/prims/jvm.cpp, line 1275]
Event: 4.306 Thread 0x00007fa3421e8800 Exception <a 'java/security/PrivilegedActionException'> (0x00000007a0aaad68) thrown at [/HUDSON3/workspace/8-2-build-macosx-x86_64/jdk8u20/1074/hotspot/src/share/vm/prims/jvm.cpp, line 1275]
Event: 4.306 Thread 0x00007fa3421e8800 Exception <a 'java/security/PrivilegedActionException'> (0x00000007a0aabfe8) thrown at [/HUDSON3/workspace/8-2-build-macosx-x86_64/jdk8u20/1074/hotspot/src/share/vm/prims/jvm.cpp, line 1275]
Event: 4.314 Thread 0x00007fa3421e8800 Exception <a 'java/security/PrivilegedActionException'> (0x00000007a0acf170) thrown at [/HUDSON3/workspace/8-2-build-macosx-x86_64/jdk8u20/1074/hotspot/src/share/vm/prims/jvm.cpp, line 1275]
Event: 4.314 Thread 0x00007fa3421e8800 Exception <a 'java/security/PrivilegedActionException'> (0x00000007a0ad0770) thrown at [/HUDSON3/workspace/8-2-build-macosx-x86_64/jdk8u20/1074/hotspot/src/share/vm/prims/jvm.cpp, line 1275]

Events (10 events):
Event: 4.400 loading class com/sun/glass/ui/Window$UndecoratedMoveResizeHelper
Event: 4.400 loading class com/sun/glass/ui/Window$UndecoratedMoveResizeHelper done
Event: 4.401 loading class com/sun/glass/ui/Window$TrackingRectangle
Event: 4.401 loading class com/sun/glass/ui/Window$TrackingRectangle done
Event: 4.402 Executing VM operation: EnableBiasedLocking
Event: 4.402 Executing VM operation: EnableBiasedLocking done
Event: 4.423 loading class com/sun/prism/GraphicsResource
Event: 4.423 loading class com/sun/prism/GraphicsResource done
Event: 4.423 loading class com/sun/prism/GraphicsResource
Event: 4.423 loading class com/sun/prism/GraphicsResource done


Dynamic libraries:
0x000000000c04a000 	/System/Library/Frameworks/Cocoa.framework/Versions/A/Cocoa
0x000000000c04a000 	/System/Library/Frameworks/Security.framework/Versions/A/Security
0x000000000c04a000 	/System/Library/Frameworks/ApplicationServices.framework/Versions/A/ApplicationServices
0x000000000c04a000 	/usr/lib/libz.1.dylib
0x000000000c04a000 	/usr/lib/libSystem.B.dylib
0x000000000c04a000 	/usr/lib/libobjc.A.dylib
0x000000000c04a000 	/System/Library/Frameworks/CoreFoundation.framework/Versions/A/CoreFoundation
0x000000000c04a000 	/System/Library/Frameworks/Foundation.framework/Versions/C/Foundation
0x000000000c04a000 	/System/Library/Frameworks/AppKit.framework/Versions/C/AppKit
0x000000000c04a000 	/System/Library/Frameworks/CoreData.framework/Versions/A/CoreData
0x000000000c04a000 	/System/Library/PrivateFrameworks/RemoteViewServices.framework/Versions/A/RemoteViewServices
0x000000000c04a000 	/System/Library/PrivateFrameworks/UIFoundation.framework/Versions/A/UIFoundation
0x000000000c04a000 	/System/Library/Frameworks/IOSurface.framework/Versions/A/IOSurface
0x000000000c04a000 	/System/Library/Frameworks/AudioToolbox.framework/Versions/A/AudioToolbox
0x000000000c04a000 	/System/Library/Frameworks/AudioUnit.framework/Versions/A/AudioUnit
0x000000000c04a000 	/System/Library/PrivateFrameworks/DataDetectorsCore.framework/Versions/A/DataDetectorsCore
0x000000000c04a000 	/System/Library/PrivateFrameworks/DesktopServicesPriv.framework/Versions/A/DesktopServicesPriv
0x000000000c04a000 	/System/Library/Frameworks/Carbon.framework/Versions/A/Frameworks/HIToolbox.framework/Versions/A/HIToolbox
0x000000000c04a000 	/System/Library/Frameworks/QuartzCore.framework/Versions/A/QuartzCore
0x000000000c04a000 	/System/Library/Frameworks/Carbon.framework/Versions/A/Frameworks/SpeechRecognition.framework/Versions/A/SpeechRecognition
0x000000000c04a000 	/usr/lib/libauto.dylib
0x000000000c04a000 	/usr/lib/libicucore.A.dylib
0x000000000c04a000 	/usr/lib/libxml2.2.dylib
0x000000000c04a000 	/System/Library/PrivateFrameworks/CoreUI.framework/Versions/A/CoreUI
0x000000000c04a000 	/System/Library/Frameworks/CoreAudio.framework/Versions/A/CoreAudio
0x000000000c04a000 	/System/Library/Frameworks/DiskArbitration.framework/Versions/A/DiskArbitration
0x000000000c04a000 	/usr/lib/liblangid.dylib
0x000000000c04a000 	/System/Library/PrivateFrameworks/MultitouchSupport.framework/Versions/A/MultitouchSupport
0x000000000c04a000 	/System/Library/Frameworks/IOKit.framework/Versions/A/IOKit
0x000000000c04a000 	/usr/lib/libDiagnosticMessagesClient.dylib
0x000000000c04a000 	/System/Library/Frameworks/CoreServices.framework/Versions/A/CoreServices
0x000000000c04a000 	/System/Library/PrivateFrameworks/PerformanceAnalysis.framework/Versions/A/PerformanceAnalysis
0x000000000c04a000 	/System/Library/PrivateFrameworks/GenerationalStorage.framework/Versions/A/GenerationalStorage
0x000000000c04a000 	/System/Library/Frameworks/OpenGL.framework/Versions/A/OpenGL
0x000000000c04a000 	/System/Library/PrivateFrameworks/Sharing.framework/Versions/A/Sharing
0x000000000c04a000 	/System/Library/Frameworks/CoreGraphics.framework/Versions/A/CoreGraphics
0x000000000c04a000 	/System/Library/Frameworks/CoreText.framework/Versions/A/CoreText
0x000000000c04a000 	/System/Library/Frameworks/ImageIO.framework/Versions/A/ImageIO
0x000000000c04a000 	/usr/lib/libextension.dylib
0x000000000c04a000 	/System/Library/PrivateFrameworks/Backup.framework/Versions/A/Backup
0x000000000c04a000 	/usr/lib/libarchive.2.dylib
0x000000000c04a000 	/System/Library/Frameworks/CFNetwork.framework/Versions/A/CFNetwork
0x000000000c04a000 	/System/Library/Frameworks/SystemConfiguration.framework/Versions/A/SystemConfiguration
0x000000000c04a000 	/usr/lib/libCRFSuite.dylib
0x000000000c04a000 	/usr/lib/libc++.1.dylib
0x000000000c04a000 	/usr/lib/libc++abi.dylib
0x000000000c04a000 	/usr/lib/system/libcache.dylib
0x000000000c04a000 	/usr/lib/system/libcommonCrypto.dylib
0x000000000c04a000 	/usr/lib/system/libcompiler_rt.dylib
0x000000000c04a000 	/usr/lib/system/libcopyfile.dylib
0x000000000c04a000 	/usr/lib/system/libcorecrypto.dylib
0x000000000c04a000 	/usr/lib/system/libdispatch.dylib
0x000000000c04a000 	/usr/lib/system/libdyld.dylib
0x000000000c04a000 	/usr/lib/system/libkeymgr.dylib
0x000000000c04a000 	/usr/lib/system/liblaunch.dylib
0x000000000c04a000 	/usr/lib/system/libmacho.dylib
0x000000000c04a000 	/usr/lib/system/libquarantine.dylib
0x000000000c04a000 	/usr/lib/system/libremovefile.dylib
0x000000000c04a000 	/usr/lib/system/libsystem_asl.dylib
0x000000000c04a000 	/usr/lib/system/libsystem_blocks.dylib
0x000000000c04a000 	/usr/lib/system/libsystem_c.dylib
0x000000000c04a000 	/usr/lib/system/libsystem_configuration.dylib
0x000000000c04a000 	/usr/lib/system/libsystem_coreservices.dylib
0x000000000c04a000 	/usr/lib/system/libsystem_coretls.dylib
0x000000000c04a000 	/usr/lib/system/libsystem_dnssd.dylib
0x000000000c04a000 	/usr/lib/system/libsystem_info.dylib
0x000000000c04a000 	/usr/lib/system/libsystem_kernel.dylib
0x000000000c04a000 	/usr/lib/system/libsystem_m.dylib
0x000000000c04a000 	/usr/lib/system/libsystem_malloc.dylib
0x000000000c04a000 	/usr/lib/system/libsystem_network.dylib
0x000000000c04a000 	/usr/lib/system/libsystem_networkextension.dylib
0x000000000c04a000 	/usr/lib/system/libsystem_notify.dylib
0x000000000c04a000 	/usr/lib/system/libsystem_platform.dylib
0x000000000c04a000 	/usr/lib/system/libsystem_pthread.dylib
0x000000000c04a000 	/usr/lib/system/libsystem_sandbox.dylib
0x000000000c04a000 	/usr/lib/system/libsystem_secinit.dylib
0x000000000c04a000 	/usr/lib/system/libsystem_stats.dylib
0x000000000c04a000 	/usr/lib/system/libsystem_trace.dylib
0x000000000c04a000 	/usr/lib/system/libunc.dylib
0x000000000c04a000 	/usr/lib/system/libunwind.dylib
0x000000000c04a000 	/usr/lib/system/libxpc.dylib
0x000000000c04a000 	/usr/lib/libbz2.1.0.dylib
0x000000000c04a000 	/usr/lib/liblzma.5.dylib
0x000000000c04a000 	/usr/lib/libbsm.0.dylib
0x000000000c04a000 	/usr/lib/libsqlite3.dylib
0x000000000c04a000 	/usr/lib/system/libkxld.dylib
0x000000000c04a000 	/usr/lib/libxar.1.dylib
0x000000000c04a000 	/usr/lib/libpam.2.dylib
0x000000000c04a000 	/usr/lib/libOpenScriptingUtil.dylib
0x000000000c04a000 	/System/Library/Frameworks/CoreServices.framework/Versions/A/Frameworks/FSEvents.framework/Versions/A/FSEvents
0x000000000c04a000 	/System/Library/Frameworks/CoreServices.framework/Versions/A/Frameworks/CarbonCore.framework/Versions/A/CarbonCore
0x000000000c04a000 	/System/Library/Frameworks/CoreServices.framework/Versions/A/Frameworks/Metadata.framework/Versions/A/Metadata
0x000000000c04a000 	/System/Library/Frameworks/CoreServices.framework/Versions/A/Frameworks/OSServices.framework/Versions/A/OSServices
0x000000000c04a000 	/System/Library/Frameworks/CoreServices.framework/Versions/A/Frameworks/SearchKit.framework/Versions/A/SearchKit
0x000000000c04a000 	/System/Library/Frameworks/CoreServices.framework/Versions/A/Frameworks/AE.framework/Versions/A/AE
0x000000000c04a000 	/System/Library/Frameworks/CoreServices.framework/Versions/A/Frameworks/LaunchServices.framework/Versions/A/LaunchServices
0x000000000c04a000 	/System/Library/Frameworks/CoreServices.framework/Versions/A/Frameworks/DictionaryServices.framework/Versions/A/DictionaryServices
0x000000000c04a000 	/System/Library/Frameworks/NetFS.framework/Versions/A/NetFS
0x000000000c04a000 	/System/Library/PrivateFrameworks/NetAuth.framework/Versions/A/NetAuth
0x000000000c04a000 	/System/Library/PrivateFrameworks/login.framework/Versions/A/Frameworks/loginsupport.framework/Versions/A/loginsupport
0x000000000c04a000 	/System/Library/PrivateFrameworks/TCC.framework/Versions/A/TCC
0x000000000c04a000 	/usr/lib/libmecabra.dylib
0x000000000c04a000 	/System/Library/Frameworks/ApplicationServices.framework/Versions/A/Frameworks/ATS.framework/Versions/A/ATS
0x000000000c04a000 	/System/Library/Frameworks/ApplicationServices.framework/Versions/A/Frameworks/ColorSync.framework/Versions/A/ColorSync
0x000000000c04a000 	/System/Library/Frameworks/ApplicationServices.framework/Versions/A/Frameworks/HIServices.framework/Versions/A/HIServices
0x000000000c04a000 	/System/Library/Frameworks/ApplicationServices.framework/Versions/A/Frameworks/LangAnalysis.framework/Versions/A/LangAnalysis
0x000000000c04a000 	/System/Library/Frameworks/ApplicationServices.framework/Versions/A/Frameworks/PrintCore.framework/Versions/A/PrintCore
0x000000000c04a000 	/System/Library/Frameworks/ApplicationServices.framework/Versions/A/Frameworks/QD.framework/Versions/A/QD
0x000000000c04a000 	/System/Library/Frameworks/ApplicationServices.framework/Versions/A/Frameworks/SpeechSynthesis.framework/Versions/A/SpeechSynthesis
0x000000000c04a000 	/System/Library/Frameworks/Accelerate.framework/Versions/A/Accelerate
0x000000000c04a000 	/System/Library/Frameworks/Accelerate.framework/Versions/A/Frameworks/vImage.framework/Versions/A/vImage
0x000000000c04a000 	/System/Library/Frameworks/Accelerate.framework/Versions/A/Frameworks/vecLib.framework/Versions/A/vecLib
0x000000000c04a000 	/System/Library/Frameworks/Accelerate.framework/Versions/A/Frameworks/vecLib.framework/Versions/A/libvDSP.dylib
0x000000000c04a000 	/System/Library/Frameworks/Accelerate.framework/Versions/A/Frameworks/vecLib.framework/Versions/A/libvMisc.dylib
0x000000000c04a000 	/System/Library/Frameworks/Accelerate.framework/Versions/A/Frameworks/vecLib.framework/Versions/A/libLAPACK.dylib
0x000000000c04a000 	/System/Library/Frameworks/Accelerate.framework/Versions/A/Frameworks/vecLib.framework/Versions/A/libBLAS.dylib
0x000000000c04a000 	/System/Library/Frameworks/Accelerate.framework/Versions/A/Frameworks/vecLib.framework/Versions/A/libLinearAlgebra.dylib
0x000000000c04a000 	/System/Library/Frameworks/ApplicationServices.framework/Versions/A/Frameworks/ATS.framework/Versions/A/Resources/libFontParser.dylib
0x000000000c04a000 	/System/Library/Frameworks/ApplicationServices.framework/Versions/A/Frameworks/ATS.framework/Versions/A/Resources/libFontRegistry.dylib
0x000000000c04a000 	/System/Library/PrivateFrameworks/AppleVPA.framework/Versions/A/AppleVPA
0x000000000c04a000 	/System/Library/PrivateFrameworks/AppleJPEG.framework/Versions/A/AppleJPEG
0x000000000c04a000 	/System/Library/Frameworks/ImageIO.framework/Versions/A/Resources/libJPEG.dylib
0x000000000c04a000 	/System/Library/Frameworks/ImageIO.framework/Versions/A/Resources/libTIFF.dylib
0x000000000c04a000 	/System/Library/Frameworks/ImageIO.framework/Versions/A/Resources/libPng.dylib
0x000000000c04a000 	/System/Library/Frameworks/ImageIO.framework/Versions/A/Resources/libGIF.dylib
0x000000000c04a000 	/System/Library/Frameworks/ImageIO.framework/Versions/A/Resources/libJP2.dylib
0x000000000c04a000 	/System/Library/Frameworks/ImageIO.framework/Versions/A/Resources/libRadiance.dylib
0x000000000c04a000 	/System/Library/Frameworks/CoreVideo.framework/Versions/A/CoreVideo
0x000000000c04a000 	/System/Library/Frameworks/OpenGL.framework/Versions/A/Libraries/libGLU.dylib
0x000000000c04a000 	/System/Library/Frameworks/OpenGL.framework/Versions/A/Libraries/libGFXShared.dylib
0x000000000c04a000 	/System/Library/Frameworks/OpenGL.framework/Versions/A/Libraries/libGL.dylib
0x000000000c04a000 	/System/Library/Frameworks/OpenGL.framework/Versions/A/Libraries/libGLImage.dylib
0x000000000c04a000 	/System/Library/Frameworks/OpenGL.framework/Versions/A/Libraries/libCVMSPluginSupport.dylib
0x000000000c04a000 	/System/Library/Frameworks/OpenGL.framework/Versions/A/Libraries/libCoreVMClient.dylib
0x000000000c04a000 	/usr/lib/libcups.2.dylib
0x000000000c04a000 	/System/Library/Frameworks/Kerberos.framework/Versions/A/Kerberos
0x000000000c04a000 	/System/Library/Frameworks/GSS.framework/Versions/A/GSS
0x000000000c04a000 	/usr/lib/libresolv.9.dylib
0x000000000c04a000 	/usr/lib/libiconv.2.dylib
0x000000000c04a000 	/System/Library/PrivateFrameworks/Heimdal.framework/Versions/A/Heimdal
0x000000000c04a000 	/usr/lib/libheimdal-asn1.dylib
0x000000000c04a000 	/System/Library/Frameworks/OpenDirectory.framework/Versions/A/OpenDirectory
0x000000000c04a000 	/System/Library/PrivateFrameworks/CommonAuth.framework/Versions/A/CommonAuth
0x000000000c04a000 	/System/Library/Frameworks/OpenDirectory.framework/Versions/A/Frameworks/CFOpenDirectory.framework/Versions/A/CFOpenDirectory
0x000000000c04a000 	/System/Library/Frameworks/SecurityFoundation.framework/Versions/A/SecurityFoundation
0x000000000c04a000 	/System/Library/PrivateFrameworks/LanguageModeling.framework/Versions/A/LanguageModeling
0x000000000c04a000 	/usr/lib/libcmph.dylib
0x000000000c04a000 	/System/Library/Frameworks/ServiceManagement.framework/Versions/A/ServiceManagement
0x000000000c04a000 	/usr/lib/libxslt.1.dylib
0x000000000c04a000 	/System/Library/Frameworks/Carbon.framework/Versions/A/Frameworks/Ink.framework/Versions/A/Ink
0x000000000c04a000 	/System/Library/Frameworks/QuartzCore.framework/Versions/A/Frameworks/CoreImage.framework/Versions/A/CoreImage
0x000000000c04a000 	/System/Library/PrivateFrameworks/CrashReporterSupport.framework/Versions/A/CrashReporterSupport
0x000000000c04a000 	/System/Library/Frameworks/OpenCL.framework/Versions/A/OpenCL
0x000000000c04a000 	/System/Library/PrivateFrameworks/FaceCore.framework/Versions/A/FaceCore
0x000000000c04a000 	/System/Library/PrivateFrameworks/Ubiquity.framework/Versions/A/Ubiquity
0x000000000c04a000 	/System/Library/PrivateFrameworks/IconServices.framework/Versions/A/IconServices
0x000000000c04a000 	/System/Library/PrivateFrameworks/ChunkingLibrary.framework/Versions/A/ChunkingLibrary
0x000000000c04a000 	/System/Library/PrivateFrameworks/Apple80211.framework/Versions/A/Apple80211
0x000000000c04a000 	/System/Library/Frameworks/CoreWLAN.framework/Versions/A/CoreWLAN
0x000000000c04a000 	/System/Library/Frameworks/IOBluetooth.framework/Versions/A/IOBluetooth
0x000000000c04a000 	/System/Library/PrivateFrameworks/CoreWiFi.framework/Versions/A/CoreWiFi
0x000000000c04a000 	/System/Library/Frameworks/CoreBluetooth.framework/Versions/A/CoreBluetooth
0x000000000c04a000 	/System/Library/PrivateFrameworks/DebugSymbols.framework/Versions/A/DebugSymbols
0x000000000c04a000 	/System/Library/PrivateFrameworks/CoreSymbolication.framework/Versions/A/CoreSymbolication
0x000000000c04a000 	/System/Library/PrivateFrameworks/Symbolication.framework/Versions/A/Symbolication
0x000000000c04a000 	/System/Library/PrivateFrameworks/SpeechRecognitionCore.framework/Versions/A/SpeechRecognitionCore
0x0000000110000000 	/Library/Java/JavaVirtualMachines/jdk1.8.0_20.jdk/Contents/Home/jre/lib/server/libjvm.dylib
0x000000000c04a000 	/usr/lib/libstdc++.6.dylib
0x000000010f743000 	/Library/Java/JavaVirtualMachines/jdk1.8.0_20.jdk/Contents/Home/jre/lib/libverify.dylib
0x000000010f751000 	/Library/Java/JavaVirtualMachines/jdk1.8.0_20.jdk/Contents/Home/jre/lib/libjava.dylib
0x000000010f78f000 	/Library/Java/JavaVirtualMachines/jdk1.8.0_20.jdk/Contents/Home/jre/lib/libzip.dylib
0x0000000125c74000 	/System/Library/Frameworks/JavaVM.framework/Frameworks/JavaRuntimeSupport.framework/JavaRuntimeSupport
0x0000000125c8a000 	/System/Library/Frameworks/JavaVM.framework/Versions/A/Frameworks/JavaNativeFoundation.framework/Versions/A/JavaNativeFoundation
0x0000000125c9e000 	/System/Library/Frameworks/JavaVM.framework/Versions/A/JavaVM
0x000000000c04a000 	/System/Library/Frameworks/Carbon.framework/Versions/A/Carbon
0x0000000125caa000 	/System/Library/PrivateFrameworks/JavaLaunching.framework/Versions/A/JavaLaunching
0x000000000c04a000 	/System/Library/Frameworks/Carbon.framework/Versions/A/Frameworks/CommonPanels.framework/Versions/A/CommonPanels
0x000000000c04a000 	/System/Library/Frameworks/Carbon.framework/Versions/A/Frameworks/Help.framework/Versions/A/Help
0x000000000c04a000 	/System/Library/Frameworks/Carbon.framework/Versions/A/Frameworks/ImageCapture.framework/Versions/A/ImageCapture
0x000000000c04a000 	/System/Library/Frameworks/Carbon.framework/Versions/A/Frameworks/OpenScripting.framework/Versions/A/OpenScripting
0x000000000c04a000 	/System/Library/Frameworks/Carbon.framework/Versions/A/Frameworks/Print.framework/Versions/A/Print
0x000000000c04a000 	/System/Library/Frameworks/Carbon.framework/Versions/A/Frameworks/SecurityHI.framework/Versions/A/SecurityHI
0x0000000127d37000 	/Library/Java/JavaVirtualMachines/jdk1.8.0_20.jdk/Contents/Home/jre/lib/libprism_es2.dylib
0x000000000c04a000 	/System/Library/Frameworks/OpenGL.framework/Versions/A/Resources/GLEngine.bundle/GLEngine
0x000000000c04a000 	/System/Library/Frameworks/OpenGL.framework/Versions/A/Libraries/libGLProgrammability.dylib
0x0000000127db4000 	/System/Library/Extensions/AppleIntelHD4000GraphicsGLDriver.bundle/Contents/MacOS/AppleIntelHD4000GraphicsGLDriver
0x000000000c04a000 	/System/Library/PrivateFrameworks/IOAccelerator.framework/Versions/A/IOAccelerator
0x000000000c04a000 	/System/Library/PrivateFrameworks/GPUSupport.framework/Versions/A/Libraries/libGPUSupportMercury.dylib
0x000000000c04a000 	/System/Library/Frameworks/OpenGL.framework/Versions/A/Resources/GLRendererFloat.bundle/GLRendererFloat
0x000000000c04a000 	/System/Library/Frameworks/OpenCL.framework/Versions/A/Libraries/libcldcpuengine.dylib
0x000000000c04a000 	/System/Library/PrivateFrameworks/DiskImages.framework/Versions/A/DiskImages
0x000000000c04a000 	/System/Library/Frameworks/DiscRecording.framework/Versions/A/DiscRecording
0x000000000c04a000 	/usr/lib/libcsfde.dylib
0x000000000c04a000 	/usr/lib/libcurl.4.dylib
0x000000000c04a000 	/System/Library/PrivateFrameworks/MediaKit.framework/Versions/A/MediaKit
0x000000000c04a000 	/System/Library/PrivateFrameworks/ProtectedCloudStorage.framework/Versions/A/ProtectedCloudStorage
0x000000000c04a000 	/usr/lib/libCoreStorage.dylib
0x000000000c04a000 	/System/Library/PrivateFrameworks/EFILogin.framework/Versions/A/EFILogin
0x000000000c04a000 	/usr/lib/libutil.dylib
0x000000000c04a000 	/System/Library/PrivateFrameworks/FindMyDevice.framework/Versions/A/FindMyDevice
0x000000000c04a000 	/System/Library/Frameworks/LDAP.framework/Versions/A/LDAP
0x000000000c04a000 	/usr/lib/libsasl2.2.dylib
0x000000000c04a000 	/System/Library/PrivateFrameworks/CoreDaemon.framework/Versions/B/CoreDaemon
0x000000000c04a000 	/usr/lib/libcrypto.0.9.8.dylib
0x000000000c04a000 	/System/Library/PrivateFrameworks/AppleSRP.framework/Versions/A/AppleSRP
0x000000000c04a000 	/System/Library/PrivateFrameworks/TrustEvaluationAgent.framework/Versions/A/TrustEvaluationAgent
0x0000000128842000 	/Library/Java/JavaVirtualMachines/jdk1.8.0_20.jdk/Contents/Home/jre/lib/libglass.dylib
0x000000000c04a000 	/System/Library/PrivateFrameworks/CoreServicesInternal.framework/Versions/A/CoreServicesInternal
0x000000000c04a000 	/System/Library/PrivateFrameworks/CloudDocs.framework/Versions/A/CloudDocs
0x000000000c04a000 	/System/Library/PrivateFrameworks/CoreDuet.framework/Versions/A/CoreDuet
0x000000000c04a000 	/System/Library/Frameworks/CloudKit.framework/Versions/A/CloudKit
0x000000000c04a000 	/System/Library/PrivateFrameworks/ProtocolBuffer.framework/Versions/A/ProtocolBuffer
0x000000000c04a000 	/System/Library/PrivateFrameworks/CoreDuetDaemonProtocol.framework/Versions/A/CoreDuetDaemonProtocol
0x000000000c04a000 	/System/Library/PrivateFrameworks/CoreDuetDebugLogging.framework/Versions/A/CoreDuetDebugLogging
0x000000000c04a000 	/System/Library/PrivateFrameworks/MMCS.framework/Versions/A/MMCS
0x000000000c04a000 	/System/Library/Frameworks/CoreLocation.framework/Versions/A/CoreLocation
0x000000000c04a000 	/System/Library/PrivateFrameworks/GeoServices.framework/Versions/A/GeoServices
0x000000000c04a000 	/System/Library/Frameworks/CoreGraphics.framework/Versions/A/Resources/libCGCMS.A.dylib
0x000000000c04a000 	/System/Library/CoreServices/RawCamera.bundle/Contents/MacOS/RawCamera
0x000000000c04a000 	/System/Library/Frameworks/CoreGraphics.framework/Versions/A/Resources/libRIP.A.dylib
0x000000000c04a000 	/System/Library/PrivateFrameworks/FamilyControls.framework/Versions/A/FamilyControls
0x000000000c04a000 	/System/Library/PrivateFrameworks/CommerceKit.framework/Versions/A/Frameworks/CommerceCore.framework/Versions/A/CommerceCore
0x000000000c04a000 	/System/Library/PrivateFrameworks/SystemAdministration.framework/Versions/A/SystemAdministration
0x000000000c04a000 	/System/Library/PrivateFrameworks/AppContainer.framework/Versions/A/AppContainer
0x000000000c04a000 	/System/Library/PrivateFrameworks/SecCodeWrapper.framework/Versions/A/SecCodeWrapper
0x000000000c04a000 	/System/Library/Frameworks/DirectoryService.framework/Versions/A/DirectoryService
0x000000000c04a000 	/System/Library/PrivateFrameworks/LoginUIKit.framework/Versions/A/Frameworks/LoginUICore.framework/Versions/A/LoginUICore
0x000000000c04a000 	/usr/lib/libodfde.dylib
0x000000012c8bb000 	/Library/Java/JavaVirtualMachines/jdk1.8.0_20.jdk/Contents/Home/jre/lib/libjavafx_iio.dylib
0x000000012c93e000 	/Library/Java/JavaVirtualMachines/jdk1.8.0_20.jdk/Contents/Home/jre/lib/libjavafx_font.dylib
0x000000000c04a000 	/System/Library/Frameworks/CoreGraphics.framework/Versions/A/Resources/libCGXType.A.dylib
0x000000012e8b7000 	cl_kernels
0x000000012e9d0000 	/System/Library/Frameworks/OpenCL.framework/Versions/A/Libraries/ImageFormats/unorm8_bgra.dylib
0x000000012eb8d000 	cl_kernels
0x000000012ecf5000 	/Library/Java/JavaVirtualMachines/jdk1.8.0_20.jdk/Contents/Home/jre/lib/libprism_common.dylib

VM Arguments:
jvm_args: -Dfile.encoding=UTF-8 
java_command: GUI.Main
java_class_path (initial): /Users/Cara/git/4_Gewinnt/bin:/Applications/eclipse/plugins/org.junit_4.11.0.v201303080030/junit.jar:/Applications/eclipse/plugins/org.hamcrest.core_1.3.0.v201303031735.jar:/Users/Cara/git/4_Gewinnt/lib/hsqldb.jar
Launcher Type: SUN_STANDARD

Environment Variables:
PATH=/usr/bin:/bin:/usr/sbin:/sbin
SHELL=/bin/bash

Signal Handlers:
SIGSEGV: [libjvm.dylib+0x578fd7], sa_mask[0]=11111111011111110111111111111111, sa_flags=SA_ONSTACK|SA_RESTART|SA_SIGINFO
SIGBUS: [libjvm.dylib+0x578fd7], sa_mask[0]=11111111011111110111111111111111, sa_flags=SA_RESTART|SA_SIGINFO
SIGFPE: [libjvm.dylib+0x45ab0c], sa_mask[0]=11111111011111110111111111111111, sa_flags=SA_RESTART|SA_SIGINFO
SIGPIPE: [libjvm.dylib+0x45ab0c], sa_mask[0]=11111111011111110111111111111111, sa_flags=SA_RESTART|SA_SIGINFO
SIGXFSZ: [libjvm.dylib+0x45ab0c], sa_mask[0]=11111111011111110111111111111111, sa_flags=SA_RESTART|SA_SIGINFO
SIGILL: [libjvm.dylib+0x45ab0c], sa_mask[0]=11111111011111110111111111111111, sa_flags=SA_RESTART|SA_SIGINFO
SIGUSR1: SIG_DFL, sa_mask[0]=00000000000000000000000000000000, sa_flags=none
SIGUSR2: [libjvm.dylib+0x45a62a], sa_mask[0]=00100000000000000000000000000000, sa_flags=SA_RESTART|SA_SIGINFO
SIGHUP: [libjvm.dylib+0x458bfd], sa_mask[0]=11111111011111110111111111111111, sa_flags=SA_RESTART|SA_SIGINFO
SIGINT: [libjvm.dylib+0x458bfd], sa_mask[0]=11111111011111110111111111111111, sa_flags=SA_RESTART|SA_SIGINFO
SIGTERM: [libjvm.dylib+0x458bfd], sa_mask[0]=11111111011111110111111111111111, sa_flags=SA_RESTART|SA_SIGINFO
SIGQUIT: [libjvm.dylib+0x458bfd], sa_mask[0]=11111111011111110111111111111111, sa_flags=SA_RESTART|SA_SIGINFO


---------------  S Y S T E M  ---------------

OS:Bsduname:Darwin 14.5.0 Darwin Kernel Version 14.5.0: Wed Jul 29 02:26:53 PDT 2015; root:xnu-2782.40.9~1/RELEASE_X86_64 x86_64
rlimit: STACK 8192k, CORE 0k, NPROC 709, NOFILE 10240, AS infinity
load average:2.42 1.98 1.82

CPU:total 4 (2 cores per cpu, 2 threads per core) family 6 model 58 stepping 9, cmov, cx8, fxsr, mmx, sse, sse2, sse3, ssse3, sse4.1, sse4.2, popcnt, avx, aes, clmul, erms, ht, tsc, tscinvbit, tscinv

Memory: 4k page, physical 6291456k(21572k free)

/proc/meminfo:


vm_info: Java HotSpot(TM) 64-Bit Server VM (25.20-b23) for bsd-amd64 JRE (1.8.0_20-b26), built on Jul 30 2014 13:37:47 by "java_re" with gcc 4.2.1 (Based on Apple Inc. build 5658) (LLVM build 2336.9.00)

time: Thu Sep 17 20:49:20 2015
elapsed time: 4 seconds (0d 0h 0m 4s)

