/*C29*/SET SCHEMA PUBLIC
INSERT INTO SPIEL VALUES(31,NULL,NULL,'2015-11-02',NULL)
COMMIT
/*C30*/SET SCHEMA PUBLIC
DELETE FROM SPIEL WHERE ID=31
INSERT INTO SPIEL VALUES(31,NULL,'jasonmasontason','2015-11-02',FALSE)
COMMIT
INSERT INTO SPIELER VALUES(28,'jasonmasontason')
COMMIT
/*C31*/SET SCHEMA PUBLIC
INSERT INTO SATZ VALUES(49,31,NULL)
COMMIT
/*C32*/SET SCHEMA PUBLIC
INSERT INTO ZUG VALUES(594,49,3,5,FALSE)
COMMIT
/*C33*/SET SCHEMA PUBLIC
INSERT INTO ZUG VALUES(595,49,5,5,TRUE)
COMMIT
INSERT INTO ZUG VALUES(596,49,5,4,FALSE)
COMMIT
/*C34*/SET SCHEMA PUBLIC
INSERT INTO ZUG VALUES(597,49,1,5,TRUE)
COMMIT
INSERT INTO ZUG VALUES(598,49,5,3,FALSE)
COMMIT
/*C35*/SET SCHEMA PUBLIC
INSERT INTO ZUG VALUES(599,49,0,5,TRUE)
COMMIT
INSERT INTO ZUG VALUES(600,49,4,5,FALSE)
COMMIT
/*C36*/SET SCHEMA PUBLIC
INSERT INTO ZUG VALUES(601,49,4,4,TRUE)
COMMIT
INSERT INTO ZUG VALUES(602,49,2,5,FALSE)
COMMIT
/*C37*/SET SCHEMA PUBLIC
INSERT INTO ZUG VALUES(603,49,6,5,TRUE)
COMMIT
INSERT INTO ZUG VALUES(604,49,0,4,FALSE)
COMMIT
/*C38*/SET SCHEMA PUBLIC
INSERT INTO ZUG VALUES(605,49,2,4,TRUE)
COMMIT
INSERT INTO ZUG VALUES(606,49,3,4,FALSE)
COMMIT
/*C39*/SET SCHEMA PUBLIC
INSERT INTO ZUG VALUES(607,49,3,3,TRUE)
COMMIT
INSERT INTO ZUG VALUES(608,49,0,3,FALSE)
COMMIT
/*C40*/SET SCHEMA PUBLIC
INSERT INTO ZUG VALUES(609,49,0,2,TRUE)
COMMIT
INSERT INTO ZUG VALUES(610,49,3,2,FALSE)
COMMIT
/*C41*/SET SCHEMA PUBLIC
INSERT INTO ZUG VALUES(611,49,4,3,TRUE)
COMMIT
INSERT INTO ZUG VALUES(612,49,4,2,FALSE)
COMMIT
/*C42*/SET SCHEMA PUBLIC
INSERT INTO ZUG VALUES(613,49,1,4,TRUE)
COMMIT
INSERT INTO ZUG VALUES(614,49,3,1,FALSE)
COMMIT
/*C43*/SET SCHEMA PUBLIC
INSERT INTO ZUG VALUES(615,49,1,3,TRUE)
COMMIT
INSERT INTO ZUG VALUES(616,49,6,4,FALSE)
COMMIT
/*C44*/SET SCHEMA PUBLIC
DELETE FROM SATZ WHERE ID=49
INSERT INTO SATZ VALUES(49,31,'gewonnen')
COMMIT
/*C45*/SET SCHEMA PUBLIC
DELETE FROM SPIEL WHERE ID=31
INSERT INTO SPIEL VALUES(31,NULL,'','2015-11-02',FALSE)
COMMIT
/*C46*/SET SCHEMA PUBLIC
INSERT INTO SATZ VALUES(50,31,NULL)
COMMIT
/*C47*/SET SCHEMA PUBLIC
INSERT INTO ZUG VALUES(617,50,6,5,FALSE)
COMMIT
/*C48*/SET SCHEMA PUBLIC
INSERT INTO ZUG VALUES(618,50,2,5,TRUE)
COMMIT
INSERT INTO ZUG VALUES(619,50,2,4,FALSE)
COMMIT
/*C49*/SET SCHEMA PUBLIC
INSERT INTO ZUG VALUES(620,50,2,3,TRUE)
COMMIT
INSERT INTO ZUG VALUES(621,50,1,5,FALSE)
COMMIT
/*C50*/SET SCHEMA PUBLIC
INSERT INTO ZUG VALUES(622,50,6,4,TRUE)
COMMIT
INSERT INTO ZUG VALUES(623,50,3,5,FALSE)
COMMIT
/*C51*/SET SCHEMA PUBLIC
INSERT INTO ZUG VALUES(624,50,1,4,TRUE)
COMMIT
INSERT INTO ZUG VALUES(625,50,1,3,FALSE)
COMMIT
/*C52*/SET SCHEMA PUBLIC
INSERT INTO ZUG VALUES(626,50,4,5,TRUE)
COMMIT
INSERT INTO ZUG VALUES(627,50,5,5,FALSE)
COMMIT
/*C53*/SET SCHEMA PUBLIC
INSERT INTO ZUG VALUES(628,50,2,2,TRUE)
COMMIT
INSERT INTO ZUG VALUES(629,50,3,4,FALSE)
COMMIT
/*C54*/SET SCHEMA PUBLIC
INSERT INTO ZUG VALUES(630,50,4,4,TRUE)
COMMIT
INSERT INTO ZUG VALUES(631,50,1,2,FALSE)
COMMIT
/*C55*/SET SCHEMA PUBLIC
INSERT INTO ZUG VALUES(632,50,4,3,TRUE)
COMMIT
INSERT INTO ZUG VALUES(633,50,4,2,FALSE)
COMMIT
/*C56*/SET SCHEMA PUBLIC
INSERT INTO ZUG VALUES(634,50,0,5,TRUE)
COMMIT
INSERT INTO ZUG VALUES(635,50,3,3,FALSE)
COMMIT
/*C57*/SET SCHEMA PUBLIC
DELETE FROM SATZ WHERE ID=50
INSERT INTO SATZ VALUES(50,31,'gewonnen')
COMMIT
/*C58*/SET SCHEMA PUBLIC
DELETE FROM SPIEL WHERE ID=31
INSERT INTO SPIEL VALUES(31,NULL,'','2015-11-02',FALSE)
COMMIT
/*C59*/SET SCHEMA PUBLIC
INSERT INTO SATZ VALUES(51,31,NULL)
COMMIT
/*C60*/SET SCHEMA PUBLIC
INSERT INTO ZUG VALUES(636,51,0,5,FALSE)
COMMIT
/*C61*/SET SCHEMA PUBLIC
INSERT INTO ZUG VALUES(637,51,5,5,TRUE)
COMMIT
INSERT INTO ZUG VALUES(638,51,2,5,FALSE)
COMMIT
/*C62*/SET SCHEMA PUBLIC
INSERT INTO ZUG VALUES(639,51,4,5,TRUE)
COMMIT
INSERT INTO ZUG VALUES(640,51,1,5,FALSE)
COMMIT
/*C63*/SET SCHEMA PUBLIC
INSERT INTO ZUG VALUES(641,51,1,4,TRUE)
COMMIT
INSERT INTO ZUG VALUES(642,51,3,5,FALSE)
COMMIT
/*C64*/SET SCHEMA PUBLIC
DELETE FROM SATZ WHERE ID=51
INSERT INTO SATZ VALUES(51,31,'gewonnen')
COMMIT
DELETE FROM SPIEL WHERE ID=31
INSERT INTO SPIEL VALUES(31,'3','','2015-11-02',FALSE)
COMMIT
