/*C2*/SET SCHEMA PUBLIC
INSERT INTO PERSON VALUES(19,'MisterX')
COMMIT
INSERT INTO SPIEL VALUES(9,NULL,'MisterX','2015-10-04')
COMMIT
/*C3*/SET SCHEMA PUBLIC
INSERT INTO SATZ VALUES(7,9,NULL)
COMMIT
INSERT INTO ZUG VALUES(66,7,1,TRUE)
COMMIT
INSERT INTO ZUG VALUES(67,7,1,TRUE)
COMMIT
INSERT INTO ZUG VALUES(68,7,0,TRUE)
COMMIT
INSERT INTO ZUG VALUES(69,7,1,TRUE)
COMMIT
INSERT INTO ZUG VALUES(70,7,3,TRUE)
COMMIT
INSERT INTO ZUG VALUES(71,7,2,TRUE)
COMMIT
INSERT INTO ZUG VALUES(72,7,1,TRUE)
COMMIT
INSERT INTO ZUG VALUES(73,7,1,TRUE)
COMMIT
INSERT INTO ZUG VALUES(74,7,3,TRUE)
COMMIT
INSERT INTO ZUG VALUES(75,7,3,TRUE)
COMMIT
INSERT INTO ZUG VALUES(76,7,4,TRUE)
COMMIT
INSERT INTO ZUG VALUES(77,7,3,TRUE)
COMMIT
INSERT INTO ZUG VALUES(78,7,0,TRUE)
COMMIT
INSERT INTO ZUG VALUES(79,7,2,TRUE)
COMMIT
INSERT INTO ZUG VALUES(80,7,2,TRUE)
COMMIT
INSERT INTO ZUG VALUES(81,7,4,TRUE)
COMMIT
INSERT INTO ZUG VALUES(82,7,2,TRUE)
COMMIT
INSERT INTO ZUG VALUES(83,7,0,TRUE)
COMMIT
INSERT INTO ZUG VALUES(84,7,1,TRUE)
COMMIT
INSERT INTO ZUG VALUES(85,7,0,TRUE)
COMMIT
INSERT INTO ZUG VALUES(86,7,1,TRUE)
COMMIT
INSERT INTO ZUG VALUES(87,7,1,TRUE)
COMMIT
INSERT INTO ZUG VALUES(88,7,4,TRUE)
COMMIT
INSERT INTO ZUG VALUES(89,7,2,TRUE)
COMMIT
INSERT INTO ZUG VALUES(90,7,4,TRUE)
COMMIT
INSERT INTO ZUG VALUES(91,7,2,TRUE)
COMMIT
INSERT INTO ZUG VALUES(92,7,0,TRUE)
COMMIT
INSERT INTO ZUG VALUES(93,7,0,TRUE)
COMMIT
INSERT INTO ZUG VALUES(94,7,4,TRUE)
COMMIT
INSERT INTO ZUG VALUES(95,7,3,TRUE)
COMMIT
INSERT INTO ZUG VALUES(96,7,0,TRUE)
COMMIT
INSERT INTO ZUG VALUES(97,7,4,TRUE)
COMMIT
INSERT INTO ZUG VALUES(98,7,2,TRUE)
COMMIT
INSERT INTO ZUG VALUES(99,7,3,TRUE)
COMMIT
INSERT INTO ZUG VALUES(100,7,1,TRUE)
COMMIT
INSERT INTO ZUG VALUES(101,7,3,TRUE)
COMMIT
INSERT INTO ZUG VALUES(102,7,4,TRUE)
COMMIT
INSERT INTO ZUG VALUES(103,7,4,TRUE)
COMMIT
INSERT INTO ZUG VALUES(104,7,3,TRUE)
COMMIT
INSERT INTO ZUG VALUES(105,7,2,TRUE)
COMMIT
INSERT INTO ZUG VALUES(106,7,4,TRUE)
COMMIT
INSERT INTO ZUG VALUES(107,7,1,TRUE)
COMMIT
INSERT INTO ZUG VALUES(108,7,2,TRUE)
COMMIT
INSERT INTO ZUG VALUES(109,7,2,TRUE)
COMMIT
INSERT INTO ZUG VALUES(110,7,0,TRUE)
COMMIT
INSERT INTO ZUG VALUES(111,7,0,TRUE)
COMMIT
INSERT INTO ZUG VALUES(112,7,4,TRUE)
COMMIT
INSERT INTO ZUG VALUES(113,7,3,TRUE)
COMMIT
INSERT INTO ZUG VALUES(114,7,0,TRUE)
COMMIT
INSERT INTO ZUG VALUES(115,7,2,TRUE)
COMMIT
INSERT INTO ZUG VALUES(116,7,1,TRUE)
COMMIT
INSERT INTO ZUG VALUES(117,7,0,TRUE)
COMMIT
INSERT INTO ZUG VALUES(118,7,1,TRUE)
COMMIT
INSERT INTO ZUG VALUES(119,7,0,TRUE)
COMMIT
INSERT INTO ZUG VALUES(120,7,3,TRUE)
COMMIT
INSERT INTO ZUG VALUES(121,7,1,TRUE)
COMMIT
INSERT INTO ZUG VALUES(122,7,0,TRUE)
COMMIT
INSERT INTO ZUG VALUES(123,7,3,TRUE)
COMMIT
INSERT INTO ZUG VALUES(124,7,3,TRUE)
COMMIT
INSERT INTO ZUG VALUES(125,7,3,TRUE)
COMMIT
INSERT INTO ZUG VALUES(126,7,1,TRUE)
COMMIT
INSERT INTO ZUG VALUES(127,7,2,TRUE)
COMMIT
INSERT INTO ZUG VALUES(128,7,1,TRUE)
COMMIT
INSERT INTO ZUG VALUES(129,7,1,TRUE)
COMMIT
